============================= test session starts ==============================
platform darwin -- Python 3.13.7, pytest-7.4.0, pluggy-1.6.0 -- /Library/Frameworks/Python.framework/Versions/3.13/bin/python3.13
cachedir: .pytest_cache
rootdir: /Users/ashwin/Desktop/pca_agent copy
configfile: pytest.ini
plugins: mock-3.15.1, anyio-4.12.0, asyncio-0.23.4, timeout-2.4.0, typeguard-4.4.4, cov-7.0.0
asyncio: mode=Mode.STRICT
collecting ... collected 1354 items

tests/test_data_normalizer.py::TestColumnNameNormalization::test_normalize_basic PASSED [  0%]
tests/test_data_normalizer.py::TestColumnNameNormalization::test_normalize_special_chars PASSED [  0%]
tests/test_data_normalizer.py::TestColumnNameNormalization::test_normalize_whitespace PASSED [  0%]
tests/test_data_normalizer.py::TestCanonicalNames::test_exact_canonical PASSED [  0%]
tests/test_data_normalizer.py::TestCanonicalNames::test_alias_canonical PASSED [  0%]
tests/test_data_normalizer.py::TestCanonicalNames::test_no_canonical PASSED [  0%]
tests/test_data_normalizer.py::TestSimilarityScore::test_exact_match PASSED [  0%]
tests/test_data_normalizer.py::TestSimilarityScore::test_partial_match PASSED [  0%]
tests/test_data_normalizer.py::TestSimilarityScore::test_no_match PASSED [  0%]
tests/test_data_normalizer.py::TestFuzzyMatching::test_exact_match PASSED [  0%]
tests/test_data_normalizer.py::TestFuzzyMatching::test_case_insensitive_match PASSED [  0%]
tests/test_data_normalizer.py::TestFuzzyMatching::test_alias_match PASSED [  0%]
tests/test_data_normalizer.py::TestFuzzyMatching::test_typo_match PASSED [  0%]
tests/test_data_normalizer.py::TestFuzzyMatching::test_abbreviation_match PASSED [  1%]
tests/test_data_normalizer.py::TestFuzzyMatching::test_no_match_below_threshold PASSED [  1%]
tests/test_data_normalizer.py::TestFuzzyMatching::test_underscore_vs_space PASSED [  1%]
tests/test_data_normalizer.py::TestAutoMapColumns::test_auto_map_exact PASSED [  1%]
tests/test_data_normalizer.py::TestAutoMapColumns::test_auto_map_aliases PASSED [  1%]
tests/test_data_normalizer.py::TestAutoMapColumns::test_auto_map_partial PASSED [  1%]
tests/test_data_normalizer.py::TestDataTypeDetection::test_detect_date_column PASSED [  1%]
tests/test_data_normalizer.py::TestDataTypeDetection::test_detect_numeric_column PASSED [  1%]
tests/test_data_normalizer.py::TestDataTypeDetection::test_detect_currency_column PASSED [  1%]
tests/test_data_normalizer.py::TestDataTypeDetection::test_detect_percentage_column PASSED [  1%]
tests/test_data_normalizer.py::TestDataTypeDetection::test_detect_text_column PASSED [  1%]
tests/test_data_normalizer.py::TestDateParsing::test_parse_iso_format PASSED [  1%]
tests/test_data_normalizer.py::TestDateParsing::test_parse_us_format PASSED [  1%]
tests/test_data_normalizer.py::TestDateParsing::test_parse_european_format PASSED [  1%]
tests/test_data_normalizer.py::TestDateParsing::test_parse_text_format PASSED [  2%]
tests/test_data_normalizer.py::TestDateParsing::test_parse_compact_format PASSED [  2%]
tests/test_data_normalizer.py::TestDateParsing::test_parse_null PASSED   [  2%]
tests/test_data_normalizer.py::TestDateParsing::test_parse_datetime_passthrough PASSED [  2%]
tests/test_data_normalizer.py::TestDateParsing::test_normalize_date_column PASSED [  2%]
tests/test_data_normalizer.py::TestNumericCleaning::test_clean_plain_number PASSED [  2%]
tests/test_data_normalizer.py::TestNumericCleaning::test_clean_currency_symbol PASSED [  2%]
tests/test_data_normalizer.py::TestNumericCleaning::test_clean_thousand_separator PASSED [  2%]
tests/test_data_normalizer.py::TestNumericCleaning::test_clean_percentage PASSED [  2%]
tests/test_data_normalizer.py::TestNumericCleaning::test_clean_negative_parentheses PASSED [  2%]
tests/test_data_normalizer.py::TestNumericCleaning::test_clean_whitespace PASSED [  2%]
tests/test_data_normalizer.py::TestNumericCleaning::test_clean_null PASSED [  2%]
tests/test_data_normalizer.py::TestNumericCleaning::test_normalize_numeric_column PASSED [  2%]
tests/test_data_normalizer.py::TestDataFrameNormalization::test_normalize_mixed_dataframe PASSED [  3%]
tests/test_data_normalizer.py::TestDataFrameNormalization::test_normalize_with_explicit_columns PASSED [  3%]
tests/test_data_normalizer.py::TestDataQualityValidation::test_validate_clean_data PASSED [  3%]
tests/test_data_normalizer.py::TestDataQualityValidation::test_validate_null_warning PASSED [  3%]
tests/test_data_normalizer.py::TestDataQualityValidation::test_validate_all_null_issue PASSED [  3%]
tests/test_data_normalizer.py::TestDataQualityValidation::test_validate_duplicates_warning PASSED [  3%]
tests/test_data_normalizer.py::TestColumnMappingReport::test_generate_mapping_report PASSED [  3%]
tests/test_data_normalizer.py::TestEdgeCases::test_empty_dataframe PASSED [  3%]
tests/test_data_normalizer.py::TestEdgeCases::test_single_column PASSED  [  3%]
tests/test_data_normalizer.py::TestEdgeCases::test_unicode_column_names PASSED [  3%]
tests/test_data_normalizer.py::TestEdgeCases::test_very_long_column_name PASSED [  3%]
tests/test_end_to_end.py::TestEndToEndWorkflow::test_full_campaign_analysis PASSED [  3%]
tests/test_end_to_end.py::TestEndToEndWorkflow::test_workflow_with_filters PASSED [  3%]
tests/test_end_to_end.py::TestEndToEndWorkflow::test_multi_channel_analysis PASSED [  3%]
tests/test_end_to_end.py::TestEndToEndWorkflow::test_benchmark_comparison PASSED [  4%]
tests/test_end_to_end.py::TestEndToEndWorkflow::test_error_handling PASSED [  4%]
tests/test_end_to_end.py::TestEndToEndWorkflow::test_performance_metrics PASSED [  4%]
tests/test_end_to_end.py::TestDataValidation::test_data_schema_validation PASSED [  4%]
tests/test_end_to_end.py::TestDataValidation::test_data_quality_checks PASSED [  4%]
tests/test_excel_upload.py::test_excel_multi_sheet_detection SKIPPED     [  4%]
tests/test_intelligent_reporter.py::TestIntelligentDataReader::test_read_csv PASSED [  4%]
tests/test_intelligent_reporter.py::TestIntelligentDataReader::test_read_excel PASSED [  4%]
tests/test_intelligent_reporter.py::TestIntelligentDataReader::test_read_dataframe_passthrough PASSED [  4%]
tests/test_intelligent_reporter.py::TestIntelligentDataReader::test_quality_report PASSED [  4%]
tests/test_intelligent_reporter.py::TestFieldMappingEngine::test_exact_mapping PASSED [  4%]
tests/test_intelligent_reporter.py::TestFieldMappingEngine::test_alias_mapping PASSED [  4%]
tests/test_intelligent_reporter.py::TestFieldMappingEngine::test_fuzzy_mapping PASSED [  4%]
tests/test_intelligent_reporter.py::TestFieldMappingEngine::test_manual_overrides PASSED [  5%]
tests/test_intelligent_reporter.py::TestFieldMappingEngine::test_unmatched_columns PASSED [  5%]
tests/test_intelligent_reporter.py::TestDataTransformationEngine::test_transform_basic PASSED [  5%]
tests/test_intelligent_reporter.py::TestDataTransformationEngine::test_calculated_metrics PASSED [  5%]
tests/test_intelligent_reporter.py::TestDataTransformationEngine::test_summary_generation PASSED [  5%]
tests/test_intelligent_reporter.py::TestTemplateAnalyzer::test_analyze_template PASSED [  5%]
tests/test_intelligent_reporter.py::TestTemplateAnalyzer::test_detect_header_row PASSED [  5%]
tests/test_intelligent_reporter.py::TestTemplateAnalyzer::test_extract_columns PASSED [  5%]
tests/test_intelligent_reporter.py::TestTemplateAnalyzer::test_detect_structure_type PASSED [  5%]
tests/test_intelligent_reporter.py::TestTemplateAnalyzer::test_detect_aggregation_type PASSED [  5%]
tests/test_intelligent_reporter.py::TestIntelligentReportSystem::test_generate_report_csv PASSED [  5%]
tests/test_intelligent_reporter.py::TestIntelligentReportSystem::test_generate_report_dataframe PASSED [  5%]
tests/test_intelligent_reporter.py::TestIntelligentReportSystem::test_generate_report_with_hints PASSED [  5%]
tests/test_intelligent_reporter.py::TestIntelligentReportSystem::test_convenience_function PASSED [  5%]
tests/test_intelligent_reporter.py::TestEdgeCases::test_empty_dataframe PASSED [  6%]
tests/test_intelligent_reporter.py::TestEdgeCases::test_missing_columns PASSED [  6%]
tests/test_intelligent_reporter.py::TestEdgeCases::test_weird_column_names PASSED [  6%]
tests/test_intelligent_reporter.py::TestFileAdapter::test_validate_csv PASSED [  6%]
tests/test_intelligent_reporter.py::TestFileAdapter::test_validate_nonexistent PASSED [  6%]
tests/test_intelligent_reporter.py::TestFileAdapter::test_read_with_encoding PASSED [  6%]
tests/test_rag_retrieval.py::TestBenchmarkRetrieval::test_b2b_benchmark_retrieval PASSED [  6%]
tests/test_rag_retrieval.py::TestBenchmarkRetrieval::test_b2c_benchmark_retrieval PASSED [  6%]
tests/test_rag_retrieval.py::TestBenchmarkRetrieval::test_channel_specific_benchmarks PASSED [  6%]
tests/test_rag_retrieval.py::TestBenchmarkRetrieval::test_industry_specific_benchmarks PASSED [  6%]
tests/test_rag_retrieval.py::TestBenchmarkRetrieval::test_benchmark_fallback PASSED [  6%]
tests/test_rag_retrieval.py::TestRetrievalQuality::test_retrieval_relevance PASSED [  6%]
tests/test_rag_retrieval.py::TestRetrievalQuality::test_retrieval_diversity PASSED [  6%]
tests/test_rag_retrieval.py::TestRetrievalQuality::test_retrieval_completeness PASSED [  7%]
tests/test_rag_retrieval.py::TestRetrievalQuality::test_retrieval_accuracy PASSED [  7%]
tests/test_rag_retrieval.py::TestContextualRetrieval::test_context_filtering PASSED [  7%]
tests/test_rag_retrieval.py::TestContextualRetrieval::test_temporal_context PASSED [  7%]
tests/test_rag_retrieval.py::TestContextualRetrieval::test_multi_dimensional_context PASSED [  7%]
tests/test_rag_retrieval.py::TestRetrievalPerformance::test_retrieval_speed PASSED [  7%]
tests/test_rag_retrieval.py::TestRetrievalPerformance::test_batch_retrieval PASSED [  7%]
tests/test_rag_retrieval.py::TestRetrievalPerformance::test_caching_effectiveness PASSED [  7%]
tests/test_reporting_module.py::TestSchemaInference::test_detect_date_columns PASSED [  7%]
tests/test_reporting_module.py::TestSchemaInference::test_detect_numeric_columns PASSED [  7%]
tests/test_reporting_module.py::TestSchemaInference::test_detect_text_columns PASSED [  7%]
tests/test_reporting_module.py::TestSchemaInference::test_infer_aggregation_type PASSED [  7%]
tests/test_reporting_module.py::TestSchemaInference::test_detect_currency_columns PASSED [  7%]
tests/test_reporting_module.py::TestSchemaInference::test_detect_rate_columns PASSED [  7%]
tests/test_reporting_module.py::TestAggregation::test_daily_aggregation PASSED [  8%]
tests/test_reporting_module.py::TestAggregation::test_weekly_aggregation PASSED [  8%]
tests/test_reporting_module.py::TestAggregation::test_platform_aggregation PASSED [  8%]
tests/test_reporting_module.py::TestAggregation::test_calculated_metrics PASSED [  8%]
tests/test_reporting_module.py::TestAggregation::test_handle_zero_division PASSED [  8%]
tests/test_reporting_module.py::TestTemplateAnalysis::test_analyze_column_mode_template PASSED [  8%]
tests/test_reporting_module.py::TestTemplateAnalysis::test_analyze_placeholder_template PASSED [  8%]
tests/test_reporting_module.py::TestTemplateAnalysis::test_detect_template_mode PASSED [  8%]
tests/test_reporting_module.py::TestTemplateAnalysis::test_multi_sheet_template PASSED [  8%]
tests/test_reporting_module.py::TestExcelReportGeneration::test_generate_column_mode_report PASSED [  8%]
tests/test_reporting_module.py::TestExcelReportGeneration::test_generate_placeholder_report PASSED [  8%]
tests/test_reporting_module.py::TestExcelReportGeneration::test_formula_generation PASSED [  8%]
tests/test_reporting_module.py::TestExcelReportGeneration::test_preserve_formatting PASSED [  8%]
tests/test_reporting_module.py::TestCSVReportGeneration::test_generate_csv_report PASSED [  9%]
tests/test_reporting_module.py::TestCSVReportGeneration::test_csv_with_aggregation PASSED [  9%]
tests/test_reporting_module.py::TestCacheFunctionality::test_save_to_cache PASSED [  9%]
tests/test_reporting_module.py::TestCacheFunctionality::test_load_from_cache PASSED [  9%]
tests/test_reporting_module.py::TestCacheFunctionality::test_cache_template_bytes PASSED [  9%]
tests/test_reporting_module.py::TestCacheFunctionality::test_clear_cache PASSED [  9%]
tests/test_reporting_module.py::TestUpdatePacingTracker::test_update_pacing_tracker_import PASSED [  9%]
tests/test_reporting_module.py::TestUpdatePacingTracker::test_update_pacing_tracker_missing_csv PASSED [  9%]
tests/test_reporting_module.py::TestUpdatePacingTracker::test_update_pacing_tracker_missing_template PASSED [  9%]
tests/test_reporting_module.py::TestUpdatePacingTracker::test_update_pacing_tracker_missing_columns PASSED [  9%]
tests/test_reporting_module.py::TestUpdatePacingTracker::test_update_pacing_tracker_success PASSED [  9%]
tests/test_reporting_module.py::TestStreamlitReportingIntegration::test_streamlit_reporting_exists PASSED [  9%]
tests/test_reporting_module.py::TestStreamlitReportingIntegration::test_analyze_template_function_exists PASSED [  9%]
tests/test_reporting_module.py::TestStreamlitReportingIntegration::test_cache_functions_exist PASSED [  9%]
tests/test_reporting_module.py::TestStreamlitReportingIntegration::test_column_mode_support PASSED [ 10%]
tests/test_reporting_module.py::TestStreamlitReportingIntegration::test_placeholder_mode_support PASSED [ 10%]
tests/test_reporting_module.py::TestStreamlitReportingIntegration::test_template_structure_keys PASSED [ 10%]
tests/test_reporting_module.py::TestColumnMatching::test_exact_match PASSED [ 10%]
tests/test_reporting_module.py::TestColumnMatching::test_partial_match PASSED [ 10%]
tests/test_reporting_module.py::TestColumnMatching::test_no_match PASSED [ 10%]
tests/test_reporting_module.py::TestDataValidation::test_validate_required_columns PASSED [ 10%]
tests/test_reporting_module.py::TestDataValidation::test_validate_numeric_values PASSED [ 10%]
tests/test_reporting_module.py::TestDataValidation::test_validate_date_range PASSED [ 10%]
tests/test_reporting_module.py::TestDataValidation::test_handle_null_values PASSED [ 10%]
tests/test_reporting_module.py::TestEdgeCases::test_empty_dataframe PASSED [ 10%]
tests/test_reporting_module.py::TestEdgeCases::test_single_row_dataframe PASSED [ 10%]
tests/test_reporting_module.py::TestEdgeCases::test_large_numbers PASSED [ 10%]
tests/test_reporting_module.py::TestEdgeCases::test_special_characters_in_names PASSED [ 11%]
tests/test_reporting_module.py::TestEdgeCases::test_unicode_characters PASSED [ 11%]
tests/test_reporting_module.py::TestPerformance::test_large_dataset_aggregation PASSED [ 11%]
tests/test_smart_visualization.py::TestChartSelectionLogic::test_trend_chart_selection PASSED [ 11%]
tests/test_smart_visualization.py::TestChartSelectionLogic::test_comparison_chart_selection PASSED [ 11%]
tests/test_smart_visualization.py::TestChartSelectionLogic::test_composition_chart_selection PASSED [ 11%]
tests/test_smart_visualization.py::TestChartSelectionLogic::test_attribution_chart_selection PASSED [ 11%]
tests/test_smart_visualization.py::TestChartSelectionLogic::test_audience_based_selection PASSED [ 11%]
tests/test_smart_visualization.py::TestMarketingVisualizationRules::test_channel_performance_rules PASSED [ 11%]
tests/test_smart_visualization.py::TestMarketingVisualizationRules::test_budget_optimization_rules PASSED [ 11%]
tests/test_smart_visualization.py::TestMarketingVisualizationRules::test_creative_performance_rules PASSED [ 11%]
tests/test_smart_visualization.py::TestMarketingVisualizationRules::test_color_scheme_application PASSED [ 11%]
tests/test_smart_visualization.py::TestSmartChartGenerator::test_channel_comparison_chart PASSED [ 11%]
tests/test_smart_visualization.py::TestSmartChartGenerator::test_performance_trend_chart PASSED [ 11%]
tests/test_smart_visualization.py::TestSmartChartGenerator::test_conversion_funnel_chart PASSED [ 12%]
tests/test_smart_visualization.py::TestSmartChartGenerator::test_device_breakdown_chart PASSED [ 12%]
tests/test_smart_visualization.py::TestEnhancedVisualizationAgent::test_executive_dashboard_generation PASSED [ 12%]
tests/test_smart_visualization.py::TestEnhancedVisualizationAgent::test_analyst_dashboard_generation PASSED [ 12%]
tests/test_smart_visualization.py::TestEnhancedVisualizationAgent::test_insight_to_visualization_mapping PASSED [ 12%]
tests/test_smart_visualization.py::TestVisualizationQuality::test_chart_has_title PASSED [ 12%]
tests/test_smart_visualization.py::TestVisualizationQuality::test_chart_has_axis_labels PASSED [ 12%]
tests/test_smart_visualization.py::TestVisualizationQuality::test_chart_color_consistency PASSED [ 12%]
tests/test_smart_visualization.py::TestVisualizationQuality::test_chart_responsiveness PASSED [ 12%]
tests/integration/test_agent_integration.py::TestAgentPipelineIntegration::test_vision_to_extraction_flow PASSED [ 12%]
tests/integration/test_agent_integration.py::TestAgentPipelineIntegration::test_extraction_to_reasoning_flow PASSED [ 12%]
tests/integration/test_agent_integration.py::TestAgentPipelineIntegration::test_reasoning_to_visualization_flow PASSED [ 12%]
tests/integration/test_agent_integration.py::TestAgentPipelineIntegration::test_full_pipeline_execution PASSED [ 12%]
tests/integration/test_agent_integration.py::TestChannelSpecialistIntegration::test_channel_routing PASSED [ 12%]
tests/integration/test_agent_integration.py::TestChannelSpecialistIntegration::test_channel_specific_analysis PASSED [ 13%]
tests/integration/test_agent_integration.py::TestChannelSpecialistIntegration::test_cross_channel_comparison PASSED [ 13%]
tests/integration/test_agent_integration.py::TestErrorHandlingIntegration::test_handles_missing_data PASSED [ 13%]
tests/integration/test_agent_integration.py::TestErrorHandlingIntegration::test_handles_null_values PASSED [ 13%]
tests/integration/test_agent_integration.py::TestErrorHandlingIntegration::test_handles_division_by_zero PASSED [ 13%]
tests/integration/test_agent_integration.py::TestErrorHandlingIntegration::test_handles_agent_timeout PASSED [ 13%]
tests/integration/test_agent_integration.py::TestStateManagementIntegration::test_state_persistence PASSED [ 13%]
tests/integration/test_agent_integration.py::TestStateManagementIntegration::test_state_rollback_on_error PASSED [ 13%]
tests/integration/test_agent_integration.py::TestStateManagementIntegration::test_concurrent_state_updates PASSED [ 13%]
tests/integration/test_api_integration.py::TestHealthIntegration::test_health_returns_status PASSED [ 13%]
tests/integration/test_api_integration.py::TestHealthIntegration::test_health_includes_version PASSED [ 13%]
tests/integration/test_api_integration.py::TestCampaignIntegration::test_campaign_crud_flow PASSED [ 13%]
tests/integration/test_api_integration.py::TestAnalysisIntegration::test_analysis_endpoint PASSED [ 13%]
tests/integration/test_api_integration.py::TestQueryIntegration::test_query_flow PASSED [ 14%]
tests/integration/test_api_integration.py::TestQueryIntegration::test_query_with_filters PASSED [ 14%]
tests/integration/test_api_integration.py::TestAuthIntegration::test_login_flow PASSED [ 14%]
tests/integration/test_api_integration.py::TestAuthIntegration::test_protected_endpoint_requires_auth PASSED [ 14%]
tests/integration/test_api_integration.py::TestMetricsIntegration::test_metrics_endpoint PASSED [ 14%]
tests/integration/test_api_integration.py::TestMetricsIntegration::test_prometheus_format PASSED [ 14%]
tests/integration/test_rag_integration.py::TestRAGPipelineIntegration::test_document_ingestion_flow PASSED [ 14%]
tests/integration/test_rag_integration.py::TestRAGPipelineIntegration::test_semantic_search_flow PASSED [ 14%]
tests/integration/test_rag_integration.py::TestRAGPipelineIntegration::test_hybrid_search_flow PASSED [ 14%]
tests/integration/test_rag_integration.py::TestRAGPipelineIntegration::test_context_augmentation_flow PASSED [ 14%]
tests/integration/test_rag_integration.py::TestRAGPipelineIntegration::test_answer_generation_flow PASSED [ 14%]
tests/integration/test_rag_integration.py::TestKnowledgeBaseIntegration::test_chunk_storage_and_retrieval PASSED [ 14%]
tests/integration/test_rag_integration.py::TestKnowledgeBaseIntegration::test_metadata_filtering PASSED [ 14%]
tests/integration/test_rag_integration.py::TestKnowledgeBaseIntegration::test_freshness_scoring PASSED [ 14%]
tests/integration/test_rag_integration.py::TestQueryEnhancementIntegration::test_query_expansion PASSED [ 15%]
tests/integration/test_rag_integration.py::TestQueryEnhancementIntegration::test_query_rewriting PASSED [ 15%]
tests/integration/test_rag_integration.py::TestQueryEnhancementIntegration::test_intent_classification PASSED [ 15%]
tests/integration/test_rag_integration.py::TestRetrievalQualityIntegration::test_precision_at_k PASSED [ 15%]
tests/integration/test_rag_integration.py::TestRetrievalQualityIntegration::test_recall_at_k PASSED [ 15%]
tests/integration/test_rag_integration.py::TestRetrievalQualityIntegration::test_mrr_metric PASSED [ 15%]
tests/integration/test_rag_integration.py::TestCachingIntegration::test_embedding_cache PASSED [ 15%]
tests/integration/test_rag_integration.py::TestCachingIntegration::test_query_result_cache PASSED [ 15%]
tests/integration/test_rag_integration.py::TestCachingIntegration::test_cache_invalidation PASSED [ 15%]
tests/integration/test_streamlit_pages.py::TestSessionState::test_init_session_state_creates_keys PASSED [ 15%]
tests/integration/test_streamlit_pages.py::TestSessionState::test_df_initially_none PASSED [ 15%]
tests/integration/test_streamlit_pages.py::TestSessionState::test_analysis_history_is_list PASSED [ 15%]
tests/integration/test_streamlit_pages.py::TestDataUploadPage::test_upload_valid_csv PASSED [ 15%]
tests/integration/test_streamlit_pages.py::TestDataUploadPage::test_data_validation_on_upload PASSED [ 16%]
tests/integration/test_streamlit_pages.py::TestDataUploadPage::test_column_normalization_applied PASSED [ 16%]
tests/integration/test_streamlit_pages.py::TestAnalysisPage::test_analysis_requires_data PASSED [ 16%]
tests/integration/test_streamlit_pages.py::TestAnalysisPage::test_run_analysis_updates_history PASSED [ 16%]
tests/integration/test_streamlit_pages.py::TestAnalysisPage::test_analysis_calculates_metrics PASSED [ 16%]
tests/integration/test_streamlit_pages.py::TestDeepDivePage::test_platform_filter PASSED [ 16%]
tests/integration/test_streamlit_pages.py::TestDeepDivePage::test_date_range_filter PASSED [ 16%]
tests/integration/test_streamlit_pages.py::TestDeepDivePage::test_spend_range_filter PASSED [ 16%]
tests/integration/test_streamlit_pages.py::TestDeepDivePage::test_funnel_stage_filter PASSED [ 16%]
tests/integration/test_streamlit_pages.py::TestDeepDivePage::test_combined_filters PASSED [ 16%]
tests/integration/test_streamlit_pages.py::TestVisualizationsPage::test_performance_overview_metrics PASSED [ 16%]
tests/integration/test_streamlit_pages.py::TestVisualizationsPage::test_trend_analysis_grouping PASSED [ 16%]
tests/integration/test_streamlit_pages.py::TestVisualizationsPage::test_platform_comparison PASSED [ 16%]
tests/integration/test_streamlit_pages.py::TestVisualizationsPage::test_funnel_analysis PASSED [ 16%]
tests/integration/test_streamlit_pages.py::TestVisualizationsPage::test_correlation_matrix PASSED [ 17%]
tests/integration/test_streamlit_pages.py::TestQAPage::test_query_requires_data PASSED [ 17%]
tests/integration/test_streamlit_pages.py::TestQAPage::test_natural_language_query_parsing PASSED [ 17%]
tests/integration/test_streamlit_pages.py::TestSettingsPage::test_cache_stats_available PASSED [ 17%]
tests/integration/test_streamlit_pages.py::TestSettingsPage::test_debug_info_available PASSED [ 17%]
tests/integration/test_streamlit_pages.py::TestNavigation::test_all_pages_defined PASSED [ 17%]
tests/integration/test_streamlit_pages.py::TestNavigation::test_page_routing PASSED [ 17%]
tests/integration/test_streamlit_pages.py::TestErrorHandling::test_handles_empty_dataframe PASSED [ 17%]
tests/integration/test_streamlit_pages.py::TestErrorHandling::test_handles_missing_columns PASSED [ 17%]
tests/integration/test_streamlit_pages.py::TestErrorHandling::test_handles_null_values PASSED [ 17%]
tests/unit/test_agent_monitor.py::TestAgentMetrics::test_metrics_initialization PASSED [ 17%]
tests/unit/test_agent_monitor.py::TestAgentMetrics::test_success_rate_calculation PASSED [ 17%]
tests/unit/test_agent_monitor.py::TestAgentMetrics::test_success_rate_zero_calls PASSED [ 17%]
tests/unit/test_agent_monitor.py::TestAgentMetrics::test_avg_execution_time PASSED [ 18%]
tests/unit/test_agent_monitor.py::TestAgentMetrics::test_recent_avg_execution_time PASSED [ 18%]
tests/unit/test_agent_monitor.py::TestAgentMetrics::test_avg_accuracy PASSED [ 18%]
tests/unit/test_agent_monitor.py::TestAgentMetrics::test_status_healthy PASSED [ 18%]
tests/unit/test_agent_monitor.py::TestAgentMetrics::test_status_degraded PASSED [ 18%]
tests/unit/test_agent_monitor.py::TestAgentMetrics::test_status_unhealthy PASSED [ 18%]
tests/unit/test_agent_monitor.py::TestAgentMetrics::test_status_unknown PASSED [ 18%]
tests/unit/test_agent_monitor.py::TestAgentMonitor::test_monitor_initialization PASSED [ 18%]
tests/unit/test_agent_monitor.py::TestAgentMonitor::test_record_successful_execution PASSED [ 18%]
tests/unit/test_agent_monitor.py::TestAgentMonitor::test_record_failed_execution PASSED [ 18%]
tests/unit/test_agent_monitor.py::TestAgentMonitor::test_record_with_accuracy PASSED [ 18%]
tests/unit/test_agent_monitor.py::TestAgentMonitor::test_min_max_execution_time PASSED [ 18%]
tests/unit/test_agent_monitor.py::TestAgentMonitor::test_get_all_metrics PASSED [ 18%]
tests/unit/test_agent_monitor.py::TestAgentMonitor::test_get_dashboard PASSED [ 18%]
tests/unit/test_agent_monitor.py::TestAgentMonitor::test_get_dashboard_empty PASSED [ 19%]
tests/unit/test_agent_monitor.py::TestAgentMonitor::test_reset_specific_agent PASSED [ 19%]
tests/unit/test_agent_monitor.py::TestAgentMonitor::test_reset_all_agents PASSED [ 19%]
tests/unit/test_agent_monitor.py::TestGlobalMonitor::test_get_agent_monitor PASSED [ 19%]
tests/unit/test_agent_monitor.py::TestGlobalMonitor::test_record_agent_accuracy PASSED [ 19%]
tests/unit/test_agent_monitor.py::TestMonitorDecorator::test_decorator_tracks_success PASSED [ 19%]
tests/unit/test_agent_monitor.py::TestMonitorDecorator::test_decorator_tracks_failure PASSED [ 19%]
tests/unit/test_agent_monitor.py::TestMonitorDecorator::test_decorator_uses_function_name PASSED [ 19%]
tests/unit/test_agent_registry.py::TestAgentCapability::test_capability_values PASSED [ 19%]
tests/unit/test_agent_registry.py::TestAgentCapability::test_all_capabilities_defined PASSED [ 19%]
tests/unit/test_agent_registry.py::TestAgentRegistration::test_create_registration PASSED [ 19%]
tests/unit/test_agent_registry.py::TestAgentRegistration::test_registration_requires_capabilities PASSED [ 19%]
tests/unit/test_agent_registry.py::TestAgentRegistration::test_registration_defaults PASSED [ 19%]
tests/unit/test_agent_registry.py::TestAgentRegistry::test_registry_initialization PASSED [ 20%]
tests/unit/test_agent_registry.py::TestAgentRegistry::test_register_agent PASSED [ 20%]
tests/unit/test_agent_registry.py::TestAgentRegistry::test_get_agent_by_name PASSED [ 20%]
tests/unit/test_agent_registry.py::TestAgentRegistry::test_get_agents_by_capability PASSED [ 20%]
tests/unit/test_agent_registry.py::TestAgentRegistry::test_unregister_agent PASSED [ 20%]
tests/unit/test_agent_registry.py::TestAgentRegistry::test_list_all_agents PASSED [ 20%]
tests/unit/test_agent_registry.py::TestAgentRegistry::test_agent_priority_ordering PASSED [ 20%]
tests/unit/test_agent_registry.py::TestAgentRegistryHealthCheck::test_update_agent_status PASSED [ 20%]
tests/unit/test_agent_registry.py::TestAgentRegistryHealthCheck::test_get_healthy_agents PASSED [ 20%]
tests/unit/test_agents_channel_specialists.py::TestBaseChannelSpecialist::test_base_is_abstract PASSED [ 20%]
tests/unit/test_agents_channel_specialists.py::TestBaseChannelSpecialist::test_retrieve_knowledge_without_rag PASSED [ 20%]
tests/unit/test_agents_channel_specialists.py::TestSearchChannelAgent::test_initialization PASSED [ 20%]
tests/unit/test_agents_channel_specialists.py::TestSearchChannelAgent::test_analyze PASSED [ 20%]
tests/unit/test_agents_channel_specialists.py::TestSearchChannelAgent::test_get_benchmarks PASSED [ 20%]
tests/unit/test_agents_channel_specialists.py::TestSocialChannelAgent::test_initialization PASSED [ 21%]
tests/unit/test_agents_channel_specialists.py::TestSocialChannelAgent::test_analyze PASSED [ 21%]
tests/unit/test_agents_channel_specialists.py::TestSocialChannelAgent::test_get_benchmarks PASSED [ 21%]
tests/unit/test_agents_channel_specialists.py::TestProgrammaticChannelAgent::test_initialization SKIPPED [ 21%]
tests/unit/test_agents_channel_specialists.py::TestProgrammaticChannelAgent::test_analyze SKIPPED [ 21%]
tests/unit/test_agents_channel_specialists.py::TestChannelRouter::test_initialization PASSED [ 21%]
tests/unit/test_agents_channel_specialists.py::TestChannelRouter::test_route_to_specialist PASSED [ 21%]
tests/unit/test_agents_channel_specialists.py::TestChannelRouter::test_get_available_channels PASSED [ 21%]
tests/unit/test_agents_extraction.py::TestExtractionAgentInit::test_initialization PASSED [ 21%]
tests/unit/test_agents_extraction.py::TestExtractionAgentNormalization::test_normalize_campaign_data_empty PASSED [ 21%]
tests/unit/test_agents_extraction.py::TestExtractionAgentNormalization::test_normalize_campaign_data_with_snapshots PASSED [ 21%]
tests/unit/test_agents_extraction.py::TestExtractionAgentNormalization::test_skip_incomplete_snapshots PASSED [ 21%]
tests/unit/test_agents_extraction.py::TestExtractionAgentValidation::test_validate_metrics_empty PASSED [ 21%]
tests/unit/test_agents_extraction.py::TestExtractionAgentValidation::test_validate_metrics_with_data PASSED [ 22%]
tests/unit/test_agents_extraction.py::TestExtractionAgentMetricConversion::test_convert_currency PASSED [ 22%]
tests/unit/test_agents_extraction.py::TestExtractionAgentMetricConversion::test_normalize_metric_name PASSED [ 22%]
tests/unit/test_agents_extraction.py::TestExtractionAgentMetricConversion::test_calculate_derived_metrics PASSED [ 22%]
tests/unit/test_agents_integration.py::TestAgentCommunication::test_vision_to_extraction_data_format PASSED [ 22%]
tests/unit/test_agents_integration.py::TestAgentCommunication::test_extraction_to_reasoning_data_format PASSED [ 22%]
tests/unit/test_agents_integration.py::TestAgentCommunication::test_reasoning_output_format PASSED [ 22%]
tests/unit/test_agents_integration.py::TestAgentPipeline::test_pipeline_execution_order PASSED [ 22%]
tests/unit/test_agents_integration.py::TestAgentPipeline::test_pipeline_error_handling PASSED [ 22%]
tests/unit/test_agents_integration.py::TestAgentPipeline::test_pipeline_data_flow PASSED [ 22%]
tests/unit/test_agents_integration.py::TestAgentState::test_agent_state_initialization PASSED [ 22%]
tests/unit/test_agents_integration.py::TestAgentState::test_agent_state_update PASSED [ 22%]
tests/unit/test_agents_integration.py::TestAgentState::test_agent_state_persistence PASSED [ 22%]
tests/unit/test_agents_integration.py::TestAgentConfiguration::test_agent_config_defaults PASSED [ 22%]
tests/unit/test_agents_integration.py::TestAgentConfiguration::test_agent_config_override PASSED [ 23%]
tests/unit/test_agents_integration.py::TestAgentRetry::test_retry_on_failure PASSED [ 23%]
tests/unit/test_agents_integration.py::TestAgentRetry::test_max_retries_exceeded PASSED [ 23%]
tests/unit/test_agents_integration.py::TestAgentMetrics::test_execution_time_tracking PASSED [ 23%]
tests/unit/test_agents_integration.py::TestAgentMetrics::test_token_usage_tracking PASSED [ 23%]
tests/unit/test_agents_integration.py::TestAgentMetrics::test_cost_calculation PASSED [ 23%]
tests/unit/test_agents_reasoning.py::TestReasoningAgentInit::test_init_openai_provider PASSED [ 23%]
tests/unit/test_agents_reasoning.py::TestReasoningAgentInit::test_init_anthropic_provider PASSED [ 23%]
tests/unit/test_agents_reasoning.py::TestReasoningAgentInit::test_init_invalid_provider PASSED [ 23%]
tests/unit/test_agents_reasoning.py::TestReasoningAgentAnalysis::test_analyze_campaign SKIPPED [ 23%]
tests/unit/test_agents_reasoning.py::TestReasoningAgentAnalysis::test_generate_channel_insights SKIPPED [ 23%]
tests/unit/test_agents_reasoning.py::TestReasoningAgentInsights::test_detect_achievements SKIPPED [ 23%]
tests/unit/test_agents_reasoning.py::TestReasoningAgentInsights::test_generate_recommendations SKIPPED [ 23%]
tests/unit/test_agents_reasoning.py::TestReasoningAgentPrompts::test_build_analysis_prompt PASSED [ 24%]
tests/unit/test_agents_vision.py::TestVisionAgentInit::test_init_openai_provider PASSED [ 24%]
tests/unit/test_agents_vision.py::TestVisionAgentInit::test_init_anthropic_provider PASSED [ 24%]
tests/unit/test_agents_vision.py::TestVisionAgentInit::test_init_invalid_provider PASSED [ 24%]
tests/unit/test_agents_vision.py::TestVisionAgentAnalysis::test_analyze_snapshot PASSED [ 24%]
tests/unit/test_agents_vision.py::TestVisionAgentAnalysis::test_encode_image PASSED [ 24%]
tests/unit/test_agents_vision.py::TestVisionAgentPrompts::test_build_extraction_prompt PASSED [ 24%]
tests/unit/test_agents_visualization.py::TestVisualizationAgent::test_initialization PASSED [ 24%]
tests/unit/test_agents_visualization.py::TestVisualizationAgent::test_generate_chart PASSED [ 24%]
tests/unit/test_agents_visualization.py::TestVisualizationAgent::test_select_chart_type PASSED [ 24%]
tests/unit/test_agents_visualization.py::TestEnhancedVisualizationAgent::test_initialization PASSED [ 24%]
tests/unit/test_agents_visualization.py::TestEnhancedVisualizationAgent::test_create_dashboard PASSED [ 24%]
tests/unit/test_agents_visualization.py::TestSmartVisualizationEngine::test_initialization PASSED [ 24%]
tests/unit/test_agents_visualization.py::TestSmartVisualizationEngine::test_recommend_visualization PASSED [ 24%]
tests/unit/test_agents_visualization.py::TestSmartVisualizationEngine::test_auto_generate PASSED [ 25%]
tests/unit/test_agents_visualization.py::TestChartGenerator::test_initialization SKIPPED [ 25%]
tests/unit/test_agents_visualization.py::TestChartGenerator::test_line_chart SKIPPED [ 25%]
tests/unit/test_agents_visualization.py::TestChartGenerator::test_bar_chart SKIPPED [ 25%]
tests/unit/test_agents_visualization.py::TestChartGenerator::test_pie_chart SKIPPED [ 25%]
tests/unit/test_api_auth.py::TestPasswordHashing::test_verify_password_correct PASSED [ 25%]
tests/unit/test_api_auth.py::TestPasswordHashing::test_verify_password_incorrect PASSED [ 25%]
tests/unit/test_api_auth.py::TestJWTTokens::test_create_access_token PASSED [ 25%]
tests/unit/test_api_auth.py::TestJWTTokens::test_create_token_with_expiration PASSED [ 25%]
tests/unit/test_api_auth.py::TestJWTTokens::test_verify_valid_token PASSED [ 25%]
tests/unit/test_api_auth.py::TestJWTTokens::test_verify_invalid_token PASSED [ 25%]
tests/unit/test_api_auth.py::TestUserAuthentication::test_get_existing_user PASSED [ 25%]
tests/unit/test_api_auth.py::TestUserAuthentication::test_get_nonexistent_user PASSED [ 25%]
tests/unit/test_api_auth.py::TestUserAuthentication::test_authenticate_valid_credentials PASSED [ 25%]
tests/unit/test_api_auth.py::TestUserAuthentication::test_authenticate_invalid_password PASSED [ 26%]
tests/unit/test_api_auth.py::TestUserAuthentication::test_authenticate_nonexistent_user PASSED [ 26%]
tests/unit/test_api_auth.py::TestAuthExceptions::test_invalid_credentials_error PASSED [ 26%]
tests/unit/test_api_auth.py::TestAuthExceptions::test_token_expired_error PASSED [ 26%]
tests/unit/test_api_auth.py::TestAuthExceptions::test_token_invalid_error PASSED [ 26%]
tests/unit/test_api_endpoints.py::TestHealthEndpoints::test_health_check PASSED [ 26%]
tests/unit/test_api_endpoints.py::TestHealthEndpoints::test_health_detailed PASSED [ 26%]
tests/unit/test_api_endpoints.py::TestHealthEndpoints::test_root_endpoint PASSED [ 26%]
tests/unit/test_api_endpoints.py::TestCampaignEndpoints::test_list_campaigns PASSED [ 26%]
tests/unit/test_api_endpoints.py::TestCampaignEndpoints::test_create_campaign_validation PASSED [ 26%]
tests/unit/test_api_endpoints.py::TestCampaignEndpoints::test_get_campaign_not_found PASSED [ 26%]
tests/unit/test_api_endpoints.py::TestAnalysisEndpoints::test_analysis_requires_data PASSED [ 26%]
tests/unit/test_api_endpoints.py::TestQueryEndpoints::test_query_endpoint PASSED [ 26%]
tests/unit/test_api_endpoints.py::TestQueryEndpoints::test_query_requires_text PASSED [ 27%]
tests/unit/test_api_endpoints.py::TestAuthEndpoints::test_login_endpoint_exists PASSED [ 27%]
tests/unit/test_api_endpoints.py::TestAuthEndpoints::test_register_endpoint PASSED [ 27%]
tests/unit/test_api_endpoints.py::TestMetricsEndpoints::test_metrics_endpoint PASSED [ 27%]
tests/unit/test_api_endpoints.py::TestMetricsEndpoints::test_prometheus_metrics PASSED [ 27%]
tests/unit/test_api_endpoints.py::TestErrorHandling::test_404_response PASSED [ 27%]
tests/unit/test_api_endpoints.py::TestErrorHandling::test_method_not_allowed PASSED [ 27%]
tests/unit/test_api_endpoints.py::TestErrorHandling::test_invalid_json PASSED [ 27%]
tests/unit/test_api_endpoints.py::TestResponseFormats::test_json_response PASSED [ 27%]
tests/unit/test_api_endpoints.py::TestResponseFormats::test_cors_headers PASSED [ 27%]
tests/unit/test_api_extended.py::TestAPIExceptions::test_campaign_not_found_error SKIPPED [ 27%]
tests/unit/test_api_extended.py::TestAPIExceptions::test_campaign_invalid_status_error SKIPPED [ 27%]
tests/unit/test_api_extended.py::TestAPIExceptions::test_rate_limit_exceeded_error SKIPPED [ 27%]
tests/unit/test_api_extended.py::TestAPIExceptions::test_authentication_error SKIPPED [ 27%]
tests/unit/test_api_extended.py::TestRateLimiting::test_limiter_exists PASSED [ 28%]
tests/unit/test_api_extended.py::TestRateLimiting::test_rate_limit_enabled_flag PASSED [ 28%]
tests/unit/test_api_extended.py::TestAPIEndpoints::test_health_endpoint_structure PASSED [ 28%]
tests/unit/test_api_extended.py::TestAPIEndpoints::test_campaign_response_structure PASSED [ 28%]
tests/unit/test_api_extended.py::TestAPIEndpoints::test_error_response_structure PASSED [ 28%]
tests/unit/test_api_extended.py::TestAPIMiddleware::test_cors_headers PASSED [ 28%]
tests/unit/test_api_extended.py::TestAPIMiddleware::test_auth_middleware_structure PASSED [ 28%]
tests/unit/test_api_extended.py::TestAPIValidation::test_campaign_create_validation PASSED [ 28%]
tests/unit/test_api_extended.py::TestAPIValidation::test_invalid_campaign_data PASSED [ 28%]
tests/unit/test_auth.py::TestUserCreation::test_create_user PASSED       [ 28%]
tests/unit/test_auth.py::TestUserCreation::test_create_duplicate_user_fails PASSED [ 28%]
tests/unit/test_auth.py::TestUserCreation::test_password_is_hashed PASSED [ 28%]
tests/unit/test_auth.py::TestUserCreation::test_default_admin_created PASSED [ 28%]
tests/unit/test_auth.py::TestAuthentication::test_authenticate_valid_credentials PASSED [ 29%]
tests/unit/test_auth.py::TestAuthentication::test_authenticate_wrong_password PASSED [ 29%]
tests/unit/test_auth.py::TestAuthentication::test_authenticate_nonexistent_user PASSED [ 29%]
tests/unit/test_auth.py::TestAuthentication::test_authenticate_inactive_user PASSED [ 29%]
tests/unit/test_auth.py::TestAuthorization::test_admin_has_all_permissions PASSED [ 29%]
tests/unit/test_auth.py::TestAuthorization::test_analyst_limited_permissions PASSED [ 29%]
tests/unit/test_auth.py::TestAuthorization::test_viewer_read_only PASSED [ 29%]
tests/unit/test_auth.py::TestSessionManagement::test_create_session PASSED [ 29%]
tests/unit/test_auth.py::TestSessionManagement::test_validate_session PASSED [ 29%]
tests/unit/test_auth.py::TestSessionManagement::test_logout_invalidates_session PASSED [ 29%]
tests/unit/test_auth.py::TestPasswordSecurity::test_password_hashing PASSED [ 29%]
tests/unit/test_auth.py::TestPasswordSecurity::test_password_verification PASSED [ 29%]
tests/unit/test_auth.py::TestPasswordSecurity::test_weak_password_rejected PASSED [ 29%]
tests/unit/test_auth.py::TestUserManagement::test_update_user_email PASSED [ 29%]
tests/unit/test_auth.py::TestUserManagement::test_change_password PASSED [ 30%]
tests/unit/test_auth.py::TestUserManagement::test_deactivate_user PASSED [ 30%]
tests/unit/test_auth.py::TestUserManagement::test_list_users PASSED      [ 30%]
tests/unit/test_auto_insights.py::TestMediaAnalyticsExpertInit::test_expert_initializes PASSED [ 30%]
tests/unit/test_auto_insights.py::TestMediaAnalyticsExpertInit::test_expert_has_required_methods PASSED [ 30%]
tests/unit/test_auto_insights.py::TestAnalyzeAll::test_analyze_all_returns_dict PASSED [ 30%]
tests/unit/test_auto_insights.py::TestAnalyzeAll::test_analyze_all_handles_empty_df PASSED [ 30%]
tests/unit/test_auto_insights.py::TestAnalyzeAll::test_analyze_all_handles_missing_columns PASSED [ 30%]
tests/unit/test_auto_insights.py::TestMetricsCalculation::test_calculate_ctr PASSED [ 30%]
tests/unit/test_auto_insights.py::TestMetricsCalculation::test_calculate_cpa PASSED [ 30%]
tests/unit/test_auto_insights.py::TestMetricsCalculation::test_calculate_roas PASSED [ 30%]
tests/unit/test_auto_insights.py::TestMetricsCalculation::test_handles_zero_division PASSED [ 30%]
tests/unit/test_auto_insights.py::TestRAGSummary::test_rag_summary_returns_string PASSED [ 30%]
tests/unit/test_auto_insights.py::TestRAGSummary::test_rag_summary_includes_metrics PASSED [ 31%]
tests/unit/test_auto_insights.py::TestErrorHandling::test_handles_llm_timeout PASSED [ 31%]
tests/unit/test_auto_insights.py::TestErrorHandling::test_handles_invalid_data_types PASSED [ 31%]
tests/unit/test_auto_insights.py::TestPlatformAnalysis::test_groups_by_platform PASSED [ 31%]
tests/unit/test_auto_insights.py::TestPlatformAnalysis::test_platform_cpa_calculation PASSED [ 31%]
tests/unit/test_backup_manager.py::TestBackupManager::test_initialization PASSED [ 31%]
tests/unit/test_backup_manager.py::TestBackupManager::test_backup_dir_created PASSED [ 31%]
tests/unit/test_backup_manager.py::TestBackupManager::test_create_backup_sqlite PASSED [ 31%]
tests/unit/test_backup_manager.py::TestBackupManager::test_create_backup_failure PASSED [ 31%]
tests/unit/test_backup_manager.py::TestBackupManager::test_cleanup_old_backups PASSED [ 31%]
tests/unit/test_backup_manager.py::TestBackupManager::test_list_backups PASSED [ 31%]
tests/unit/test_backup_manager.py::TestBackupManagerPostgreSQL::test_postgresql_backup PASSED [ 31%]
tests/unit/test_backup_manager.py::TestBackupCompression::test_compress_backup PASSED [ 31%]
tests/unit/test_backup_manager.py::TestBackupCompression::test_no_compression PASSED [ 31%]
tests/unit/test_budget_optimizer.py::TestOptimizerInit::test_init_with_valid_data PASSED [ 32%]
tests/unit/test_budget_optimizer.py::TestOptimizerInit::test_channel_performance_calculated PASSED [ 32%]
tests/unit/test_budget_optimizer.py::TestOptimizerInit::test_saturation_curves_calculated PASSED [ 32%]
tests/unit/test_budget_optimizer.py::TestChannelPerformance::test_avg_roas_calculated PASSED [ 32%]
tests/unit/test_budget_optimizer.py::TestChannelPerformance::test_std_roas_calculated PASSED [ 32%]
tests/unit/test_budget_optimizer.py::TestChannelPerformance::test_campaign_count_tracked PASSED [ 32%]
tests/unit/test_budget_optimizer.py::TestChannelPerformance::test_total_conversions_summed PASSED [ 32%]
tests/unit/test_budget_optimizer.py::TestSaturationCurves::test_saturation_point_positive PASSED [ 32%]
tests/unit/test_budget_optimizer.py::TestSaturationCurves::test_peak_roas_positive PASSED [ 32%]
tests/unit/test_budget_optimizer.py::TestSaturationCurves::test_optimal_range_valid PASSED [ 32%]
tests/unit/test_budget_optimizer.py::TestSaturationCurves::test_insufficient_data_uses_defaults PASSED [ 32%]
tests/unit/test_budget_optimizer.py::TestBudgetOptimization::test_optimize_allocation_returns_dict SKIPPED [ 32%]
tests/unit/test_budget_optimizer.py::TestBudgetOptimization::test_allocation_sums_to_budget SKIPPED [ 32%]
tests/unit/test_budget_optimizer.py::TestBudgetOptimization::test_optimize_for_roas SKIPPED [ 33%]
tests/unit/test_budget_optimizer.py::TestBudgetOptimization::test_optimize_for_conversions SKIPPED [ 33%]
tests/unit/test_budget_optimizer.py::TestBudgetOptimization::test_respects_channel_constraints SKIPPED [ 33%]
tests/unit/test_budget_optimizer.py::TestRecommendations::test_get_recommendations PASSED [ 33%]
tests/unit/test_budget_optimizer.py::TestRecommendations::test_recommendations_include_rationale PASSED [ 33%]
tests/unit/test_budget_optimizer.py::TestEdgeCases::test_zero_budget SKIPPED [ 33%]
tests/unit/test_budget_optimizer.py::TestEdgeCases::test_very_large_budget SKIPPED [ 33%]
tests/unit/test_budget_optimizer.py::TestEdgeCases::test_single_channel_data SKIPPED [ 33%]
tests/unit/test_budget_optimizer.py::TestEdgeCases::test_negative_roas_handled PASSED [ 33%]
tests/unit/test_campaign_ingestion.py::TestValidateCampaignDataframe::test_valid_dataframe PASSED [ 33%]
tests/unit/test_campaign_ingestion.py::TestValidateCampaignDataframe::test_missing_required_columns PASSED [ 33%]
tests/unit/test_campaign_ingestion.py::TestValidateCampaignDataframe::test_missing_recommended_columns PASSED [ 33%]
tests/unit/test_campaign_ingestion.py::TestValidateCampaignDataframe::test_negative_spend_alert PASSED [ 33%]
tests/unit/test_campaign_ingestion.py::TestValidateCampaignDataframe::test_negative_conversions_alert PASSED [ 33%]
tests/unit/test_campaign_ingestion.py::TestValidateCampaignDataframe::test_duplicate_rows_alert PASSED [ 34%]
tests/unit/test_campaign_ingestion.py::TestProcessCampaignDataframe::test_process_adds_metadata PASSED [ 34%]
tests/unit/test_campaign_ingestion.py::TestProcessCampaignDataframe::test_process_returns_validation_status_ok PASSED [ 34%]
tests/unit/test_campaign_ingestion.py::TestProcessCampaignDataframe::test_process_returns_validation_status_warn PASSED [ 34%]
tests/unit/test_campaign_ingestion.py::TestProcessCampaignDataframe::test_process_returns_validation_status_error PASSED [ 34%]
tests/unit/test_campaign_ingestion.py::TestProcessCampaignDataframe::test_process_preserves_custom_metadata PASSED [ 34%]
tests/unit/test_campaign_ingestion.py::TestIngestCampaignData::test_ingest_success PASSED [ 34%]
tests/unit/test_campaign_ingestion.py::TestIngestCampaignData::test_ingest_failure PASSED [ 34%]
tests/unit/test_campaign_ingestion.py::TestIngestCampaignData::test_ingest_with_source PASSED [ 34%]
tests/unit/test_campaign_ingestion.py::TestLoadSampleCampaignData::test_load_sample_not_found PASSED [ 34%]
tests/unit/test_campaign_ingestion.py::TestLoadSampleCampaignData::test_load_sample_success PASSED [ 34%]
tests/unit/test_campaign_ingestion.py::TestLoadSampleCampaignData::test_load_sample_error PASSED [ 34%]
tests/unit/test_campaign_ingestion.py::TestConstants::test_required_columns PASSED [ 34%]
tests/unit/test_campaign_ingestion.py::TestConstants::test_recommended_columns PASSED [ 35%]
tests/unit/test_campaign_service.py::TestCampaignServiceInit::test_init_with_session SKIPPED [ 35%]
tests/unit/test_campaign_service.py::TestCampaignCreation::test_create_campaign SKIPPED [ 35%]
tests/unit/test_campaign_service.py::TestCampaignCreation::test_create_campaign_with_dates SKIPPED [ 35%]
tests/unit/test_campaign_service.py::TestCampaignRetrieval::test_get_campaign_by_id SKIPPED [ 35%]
tests/unit/test_campaign_service.py::TestCampaignRetrieval::test_get_nonexistent_campaign SKIPPED [ 35%]
tests/unit/test_campaign_service.py::TestCampaignRetrieval::test_get_all_campaigns SKIPPED [ 35%]
tests/unit/test_campaign_service.py::TestCampaignRetrieval::test_get_campaigns_by_platform SKIPPED [ 35%]
tests/unit/test_campaign_service.py::TestCampaignRetrieval::test_get_active_campaigns SKIPPED [ 35%]
tests/unit/test_campaign_service.py::TestCampaignUpdate::test_update_campaign_budget SKIPPED [ 35%]
tests/unit/test_campaign_service.py::TestCampaignUpdate::test_update_campaign_status SKIPPED [ 35%]
tests/unit/test_campaign_service.py::TestCampaignUpdate::test_update_campaign_metrics SKIPPED [ 35%]
tests/unit/test_campaign_service.py::TestCampaignDeletion::test_delete_campaign SKIPPED [ 35%]
tests/unit/test_campaign_service.py::TestCampaignDeletion::test_soft_delete_campaign SKIPPED [ 35%]
tests/unit/test_campaign_service.py::TestCampaignAnalytics::test_calculate_ctr PASSED [ 36%]
tests/unit/test_campaign_service.py::TestCampaignAnalytics::test_calculate_cpa PASSED [ 36%]
tests/unit/test_campaign_service.py::TestCampaignAnalytics::test_calculate_roas PASSED [ 36%]
tests/unit/test_campaign_service.py::TestCampaignAnalytics::test_get_campaign_performance SKIPPED [ 36%]
tests/unit/test_campaign_service.py::TestCampaignAnalytics::test_get_platform_summary SKIPPED [ 36%]
tests/unit/test_campaign_service.py::TestCampaignSearch::test_search_by_name SKIPPED [ 36%]
tests/unit/test_campaign_service.py::TestCampaignSearch::test_search_by_date_range SKIPPED [ 36%]
tests/unit/test_campaign_service.py::TestBulkOperations::test_bulk_create SKIPPED [ 36%]
tests/unit/test_campaign_service.py::TestBulkOperations::test_bulk_update_status SKIPPED [ 36%]
tests/unit/test_campaign_service.py::TestEdgeCases::test_campaign_with_zero_spend SKIPPED [ 36%]
tests/unit/test_campaign_service.py::TestEdgeCases::test_campaign_with_null_dates SKIPPED [ 36%]
tests/unit/test_channel_specialists.py::TestChannelRouter::test_router_initialization PASSED [ 36%]
tests/unit/test_channel_specialists.py::TestChannelRouter::test_detect_google_ads_as_search PASSED [ 36%]
tests/unit/test_channel_specialists.py::TestChannelRouter::test_detect_meta_as_social PASSED [ 37%]
tests/unit/test_channel_specialists.py::TestChannelRouter::test_detect_dv360_as_programmatic PASSED [ 37%]
tests/unit/test_channel_specialists.py::TestChannelRouter::test_get_specialist_search PASSED [ 37%]
tests/unit/test_channel_specialists.py::TestChannelRouter::test_get_specialist_social PASSED [ 37%]
tests/unit/test_channel_specialists.py::TestChannelRouter::test_get_specialist_programmatic PASSED [ 37%]
tests/unit/test_channel_specialists.py::TestChannelRouter::test_get_available_specialists PASSED [ 37%]
tests/unit/test_channel_specialists.py::TestChannelRouter::test_route_and_analyze_empty_data PASSED [ 37%]
tests/unit/test_channel_specialists.py::TestChannelRouter::test_infer_channel_from_metrics PASSED [ 37%]
tests/unit/test_channel_specialists.py::TestSearchChannelAgent::test_agent_initialization PASSED [ 37%]
tests/unit/test_channel_specialists.py::TestSearchChannelAgent::test_analyze_returns_dict PASSED [ 37%]
tests/unit/test_channel_specialists.py::TestSearchChannelAgent::test_analyze_includes_metrics PASSED [ 37%]
tests/unit/test_channel_specialists.py::TestSocialChannelAgent::test_agent_initialization PASSED [ 37%]
tests/unit/test_channel_specialists.py::TestSocialChannelAgent::test_analyze_returns_dict PASSED [ 37%]
tests/unit/test_channel_specialists.py::TestProgrammaticAgent::test_agent_initialization PASSED [ 37%]
tests/unit/test_channel_specialists.py::TestProgrammaticAgent::test_analyze_returns_dict PASSED [ 38%]
tests/unit/test_channel_specialists.py::TestMultiChannelAnalysis::test_analyze_multi_channel PASSED [ 38%]
tests/unit/test_channel_specialists.py::TestMultiChannelAnalysis::test_cross_channel_insights_structure PASSED [ 38%]
tests/unit/test_channel_specialists.py::TestPlatformDetection::test_detect_linkedin PASSED [ 38%]
tests/unit/test_channel_specialists.py::TestPlatformDetection::test_detect_tiktok PASSED [ 38%]
tests/unit/test_channel_specialists.py::TestPlatformDetection::test_detect_bing PASSED [ 38%]
tests/unit/test_channel_specialists.py::TestPlatformDetection::test_detect_amazon_dsp PASSED [ 38%]
tests/unit/test_channel_specialists.py::TestPlatformDetection::test_unknown_platform_fallback PASSED [ 38%]
tests/unit/test_chart_generator_extended.py::TestChartGeneratorInit::test_init_creates_instance PASSED [ 38%]
tests/unit/test_chart_generator_extended.py::TestChartGeneratorInit::test_has_generate_method PASSED [ 38%]
tests/unit/test_chart_generator_extended.py::TestBarCharts::test_generate_bar_chart PASSED [ 38%]
tests/unit/test_chart_generator_extended.py::TestBarCharts::test_generate_grouped_bar_chart PASSED [ 38%]
tests/unit/test_chart_generator_extended.py::TestBarCharts::test_generate_stacked_bar_chart PASSED [ 38%]
tests/unit/test_chart_generator_extended.py::TestLineCharts::test_generate_line_chart PASSED [ 38%]
tests/unit/test_chart_generator_extended.py::TestLineCharts::test_generate_multi_line_chart PASSED [ 39%]
tests/unit/test_chart_generator_extended.py::TestPieCharts::test_generate_pie_chart PASSED [ 39%]
tests/unit/test_chart_generator_extended.py::TestPieCharts::test_generate_donut_chart PASSED [ 39%]
tests/unit/test_chart_generator_extended.py::TestScatterPlots::test_generate_scatter_plot PASSED [ 39%]
tests/unit/test_chart_generator_extended.py::TestScatterPlots::test_generate_scatter_with_size PASSED [ 39%]
tests/unit/test_chart_generator_extended.py::TestHeatmaps::test_generate_heatmap PASSED [ 39%]
tests/unit/test_chart_generator_extended.py::TestSmartChartSelection::test_select_chart_for_comparison PASSED [ 39%]
tests/unit/test_chart_generator_extended.py::TestSmartChartSelection::test_select_chart_for_trend PASSED [ 39%]
tests/unit/test_chart_generator_extended.py::TestSmartChartSelection::test_select_chart_for_distribution PASSED [ 39%]
tests/unit/test_chart_generator_extended.py::TestChartCustomization::test_set_chart_title PASSED [ 39%]
tests/unit/test_chart_generator_extended.py::TestChartCustomization::test_set_axis_labels PASSED [ 39%]
tests/unit/test_chart_generator_extended.py::TestEdgeCases::test_empty_dataframe PASSED [ 39%]
tests/unit/test_chart_generator_extended.py::TestEdgeCases::test_single_row_dataframe PASSED [ 39%]
tests/unit/test_chart_generator_extended.py::TestEdgeCases::test_null_values PASSED [ 40%]
tests/unit/test_chart_generator_extended.py::TestEdgeCases::test_large_dataset PASSED [ 40%]
tests/unit/test_comparison_logger.py::TestComparisonLoggerInit::test_logger_creates_directories PASSED [ 40%]
tests/unit/test_comparison_logger.py::TestComparisonLoggerInit::test_logger_creates_csv_files PASSED [ 40%]
tests/unit/test_comparison_logger.py::TestLogComparison::test_log_comparison_creates_json PASSED [ 40%]
tests/unit/test_comparison_logger.py::TestLogComparison::test_log_comparison_calculates_increases PASSED [ 40%]
tests/unit/test_comparison_logger.py::TestLogComparison::test_log_comparison_appends_to_csv PASSED [ 40%]
tests/unit/test_comparison_logger.py::TestLogFeedback::test_log_feedback PASSED [ 40%]
tests/unit/test_comparison_logger.py::TestSummaryStats::test_summary_stats_empty PASSED [ 40%]
tests/unit/test_comparison_logger.py::TestSummaryStats::test_summary_stats_with_data PASSED [ 40%]
tests/unit/test_comparison_logger.py::TestExportReport::test_export_report PASSED [ 40%]
tests/unit/test_comparison_logger.py::TestPercentageIncrease::test_percentage_increase_normal PASSED [ 40%]
tests/unit/test_comparison_logger.py::TestPercentageIncrease::test_percentage_increase_zero_baseline PASSED [ 40%]
tests/unit/test_comparison_logger.py::TestPercentageIncrease::test_percentage_decrease PASSED [ 40%]
tests/unit/test_data_connector_extended.py::TestDatabaseConnectorInit::test_initialization PASSED [ 41%]
tests/unit/test_data_connector_extended.py::TestDatabaseConnectorInit::test_supported_databases PASSED [ 41%]
tests/unit/test_data_connector_extended.py::TestConnectionStringBuilding::test_sqlite_connection_string PASSED [ 41%]
tests/unit/test_data_connector_extended.py::TestConnectionStringBuilding::test_sqlite_requires_file_path PASSED [ 41%]
tests/unit/test_data_connector_extended.py::TestConnectionStringBuilding::test_postgresql_connection_string PASSED [ 41%]
tests/unit/test_data_connector_extended.py::TestConnectionStringBuilding::test_postgresql_default_port PASSED [ 41%]
tests/unit/test_data_connector_extended.py::TestConnectionStringBuilding::test_mysql_connection_string PASSED [ 41%]
tests/unit/test_data_connector_extended.py::TestConnectionStringBuilding::test_mssql_connection_string PASSED [ 41%]
tests/unit/test_data_connector_extended.py::TestConnectionStringBuilding::test_oracle_connection_string PASSED [ 41%]
tests/unit/test_data_connector_extended.py::TestConnectionStringBuilding::test_snowflake_connection_string PASSED [ 41%]
tests/unit/test_data_connector_extended.py::TestConnectionStringBuilding::test_snowflake_requires_account PASSED [ 41%]
tests/unit/test_data_connector_extended.py::TestConnectionStringBuilding::test_bigquery_connection_string PASSED [ 41%]
tests/unit/test_data_connector_extended.py::TestConnectionStringBuilding::test_redshift_connection_string PASSED [ 41%]
tests/unit/test_data_connector_extended.py::TestConnectionStringBuilding::test_databricks_connection_string PASSED [ 42%]
tests/unit/test_data_connector_extended.py::TestConnectionStringBuilding::test_databricks_requires_http_path PASSED [ 42%]
tests/unit/test_data_connector_extended.py::TestConnectionStringBuilding::test_unsupported_database PASSED [ 42%]
tests/unit/test_data_connector_extended.py::TestConnectionStringBuilding::test_password_encoding PASSED [ 42%]
tests/unit/test_data_connector_extended.py::TestDatabaseConnection::test_connect_with_string PASSED [ 42%]
tests/unit/test_data_connector_extended.py::TestDatabaseConnection::test_connect_with_db_type PASSED [ 42%]
tests/unit/test_data_connector_extended.py::TestDatabaseConnection::test_connect_requires_params PASSED [ 42%]
tests/unit/test_data_connector_extended.py::TestDatabaseConnection::test_connect_failure PASSED [ 42%]
tests/unit/test_data_connector_extended.py::TestDatabaseQueries::test_execute_query SKIPPED [ 42%]
tests/unit/test_data_connector_extended.py::TestDatabaseQueries::test_query_to_dataframe PASSED [ 42%]
tests/unit/test_data_connector_extended.py::TestDatabaseQueries::test_load_table SKIPPED [ 42%]
tests/unit/test_data_connector_extended.py::TestDatabaseDisconnect::test_disconnect PASSED [ 42%]
tests/unit/test_data_connector_extended.py::TestDatabaseDisconnect::test_disconnect_clears_engine PASSED [ 42%]
tests/unit/test_data_loader.py::TestDataLoaderCSV::test_load_valid_csv PASSED [ 42%]
tests/unit/test_data_loader.py::TestDataLoaderCSV::test_load_csv_fixes_column_names PASSED [ 43%]
tests/unit/test_data_loader.py::TestDataLoaderCSV::test_load_csv_handles_duplicates PASSED [ 43%]
tests/unit/test_data_loader.py::TestDataLoaderCSV::test_load_empty_csv_returns_error PASSED [ 43%]
tests/unit/test_data_loader.py::TestDataLoaderCSV::test_load_csv_all_nulls_returns_error PASSED [ 43%]
tests/unit/test_data_loader.py::TestDataLoaderCSV::test_load_csv_skip_validation PASSED [ 43%]
tests/unit/test_data_loader.py::TestNormalizeCampaignDataframe::test_maps_common_column_variations PASSED [ 43%]
tests/unit/test_data_loader.py::TestNormalizeCampaignDataframe::test_spend_converted_to_numeric PASSED [ 43%]
tests/unit/test_data_loader.py::TestNormalizeCampaignDataframe::test_preserves_unmapped_columns PASSED [ 43%]
tests/unit/test_data_loader.py::TestNormalizeCampaignDataframe::test_no_duplicate_target_columns PASSED [ 43%]
tests/unit/test_data_loader.py::TestErrorHandling::test_file_not_found PASSED [ 43%]
tests/unit/test_data_loader.py::TestErrorHandling::test_unsupported_extension PASSED [ 43%]
tests/unit/test_data_loader.py::TestErrorHandling::test_safe_load_csv_returns_none_on_error PASSED [ 43%]
tests/unit/test_data_loader.py::TestFetchData::test_fetch_csv PASSED     [ 43%]
tests/unit/test_data_loader_extended.py::TestExcelLoading::test_load_valid_excel PASSED [ 44%]
tests/unit/test_data_loader_extended.py::TestExcelLoading::test_load_excel_specific_sheet PASSED [ 44%]
tests/unit/test_data_loader_extended.py::TestExcelLoading::test_load_excel_nonexistent_file PASSED [ 44%]
tests/unit/test_data_loader_extended.py::TestExcelLoading::test_load_excel_skip_validation PASSED [ 44%]
tests/unit/test_data_loader_extended.py::TestJSONLoading::test_load_valid_json PASSED [ 44%]
tests/unit/test_data_loader_extended.py::TestJSONLoading::test_load_json_from_bytes PASSED [ 44%]
tests/unit/test_data_loader_extended.py::TestJSONLoading::test_load_invalid_json PASSED [ 44%]
tests/unit/test_data_loader_extended.py::TestParquetLoading::test_load_valid_parquet PASSED [ 44%]
tests/unit/test_data_loader_extended.py::TestParquetLoading::test_load_parquet_nonexistent PASSED [ 44%]
tests/unit/test_data_loader_extended.py::TestStreamlitUpload::test_load_none_file PASSED [ 44%]
tests/unit/test_data_loader_extended.py::TestStreamlitUpload::test_load_csv_upload PASSED [ 44%]
tests/unit/test_data_loader_extended.py::TestStreamlitUpload::test_load_file_too_large PASSED [ 44%]
tests/unit/test_data_loader_extended.py::TestStreamlitUpload::test_load_unsupported_extension PASSED [ 44%]
tests/unit/test_data_loader_extended.py::TestColumnNameFixing::test_fix_spaces_in_column_names PASSED [ 44%]
tests/unit/test_data_loader_extended.py::TestColumnNameFixing::test_fix_special_characters PASSED [ 45%]
tests/unit/test_data_loader_extended.py::TestColumnNameFixing::test_fix_duplicate_columns PASSED [ 45%]
tests/unit/test_data_loader_extended.py::TestDataValidation::test_validate_empty_dataframe PASSED [ 45%]
tests/unit/test_data_loader_extended.py::TestDataValidation::test_validate_all_null_dataframe PASSED [ 45%]
tests/unit/test_data_loader_extended.py::TestDataValidation::test_validate_valid_dataframe PASSED [ 45%]
tests/unit/test_data_loader_extended.py::TestConvenienceFunctions::test_fetch_data_csv PASSED [ 45%]
tests/unit/test_data_loader_extended.py::TestConvenienceFunctions::test_safe_load_csv_returns_none_on_error PASSED [ 45%]
tests/unit/test_data_loader_extended.py::TestConvenienceFunctions::test_safe_load_csv_valid_file PASSED [ 45%]
tests/unit/test_data_loader_extended.py::TestCampaignNormalization::test_normalize_spend_column SKIPPED [ 45%]
tests/unit/test_data_loader_extended.py::TestCampaignNormalization::test_normalize_preserves_data SKIPPED [ 45%]
tests/unit/test_data_validator.py::test_column_normalization_and_numeric_cast PASSED [ 45%]
tests/unit/test_data_validator.py::test_funnel_stage_normalization PASSED [ 45%]
tests/unit/test_data_validator.py::test_date_parsing_success PASSED      [ 45%]
tests/unit/test_data_validator.py::test_partial_missing_data PASSED      [ 46%]
tests/unit/test_database_connector.py::TestDatabaseConnector::test_initialization PASSED [ 46%]
tests/unit/test_database_connector.py::TestDatabaseConnector::test_supported_databases PASSED [ 46%]
tests/unit/test_database_connector.py::TestDatabaseConnector::test_build_postgresql_connection_string PASSED [ 46%]
tests/unit/test_database_connector.py::TestDatabaseConnector::test_build_mysql_connection_string PASSED [ 46%]
tests/unit/test_database_connector.py::TestDatabaseConnector::test_build_sqlite_connection_string PASSED [ 46%]
tests/unit/test_database_connector.py::TestDatabaseConnector::test_connect_sqlite PASSED [ 46%]
tests/unit/test_database_connector.py::TestDatabaseConnector::test_execute_query SKIPPED [ 46%]
tests/unit/test_database_connector.py::TestDatabaseConnector::test_load_dataframe PASSED [ 46%]
tests/unit/test_database_connector.py::TestDatabaseConnector::test_disconnect PASSED [ 46%]
tests/unit/test_database_connector.py::TestDatabaseConnectorCloudStorage::test_s3_supported PASSED [ 46%]
tests/unit/test_database_connector.py::TestDatabaseConnectorCloudStorage::test_bigquery_supported PASSED [ 46%]
tests/unit/test_database_connector.py::TestDatabaseConnectorCloudStorage::test_snowflake_supported PASSED [ 46%]
tests/unit/test_database_models.py::TestCampaignModel::test_create_campaign PASSED [ 46%]
tests/unit/test_database_models.py::TestCampaignModel::test_campaign_default_values PASSED [ 47%]
tests/unit/test_database_models.py::TestCampaignModel::test_campaign_with_metrics PASSED [ 47%]
tests/unit/test_database_models.py::TestCampaignModel::test_campaign_additional_data PASSED [ 47%]
tests/unit/test_database_models.py::TestCampaignModel::test_campaign_timestamps PASSED [ 47%]
tests/unit/test_database_models.py::TestCampaignModel::test_campaign_unique_id PASSED [ 47%]
tests/unit/test_database_models.py::TestCampaignModel::test_campaign_repr PASSED [ 47%]
tests/unit/test_database_models.py::TestAnalysisModel::test_create_analysis PASSED [ 47%]
tests/unit/test_database_models.py::TestAnalysisModel::test_analysis_default_status PASSED [ 47%]
tests/unit/test_database_models.py::TestAnalysisModel::test_analysis_json_fields PASSED [ 47%]
tests/unit/test_database_models.py::TestAnalysisModel::test_analysis_campaign_relationship PASSED [ 47%]
tests/unit/test_database_models.py::TestQueryHistoryModel::test_create_query_history PASSED [ 47%]
tests/unit/test_database_models.py::TestQueryHistoryModel::test_query_with_results PASSED [ 47%]
tests/unit/test_database_models.py::TestLLMUsageModel::test_create_llm_usage PASSED [ 47%]
tests/unit/test_database_models.py::TestLLMUsageModel::test_llm_usage_cost_tracking PASSED [ 48%]
tests/unit/test_database_models.py::TestDatabaseQueries::test_query_campaigns_by_platform PASSED [ 48%]
tests/unit/test_database_models.py::TestDatabaseQueries::test_query_campaigns_by_date_range PASSED [ 48%]
tests/unit/test_database_models.py::TestDatabaseQueries::test_aggregate_metrics PASSED [ 48%]
tests/unit/test_di_containers.py::TestDatabaseContainer::test_container_creation PASSED [ 48%]
tests/unit/test_di_containers.py::TestDatabaseContainer::test_db_config_provider PASSED [ 48%]
tests/unit/test_di_containers.py::TestDatabaseContainer::test_db_manager_provider PASSED [ 48%]
tests/unit/test_di_containers.py::TestRepositoryContainer::test_container_creation PASSED [ 48%]
tests/unit/test_di_containers.py::TestRepositoryContainer::test_campaign_repository_provider PASSED [ 48%]
tests/unit/test_di_containers.py::TestRepositoryContainer::test_analysis_repository_provider PASSED [ 48%]
tests/unit/test_enhanced_reasoning.py::TestEnhancedReasoningInit::test_init_creates_instance PASSED [ 48%]
tests/unit/test_enhanced_reasoning.py::TestEnhancedReasoningInit::test_init_with_custom_config PASSED [ 48%]
tests/unit/test_enhanced_reasoning.py::TestContextRetrieval::test_retrieve_context PASSED [ 48%]
tests/unit/test_enhanced_reasoning.py::TestContextRetrieval::test_retrieve_context_with_filters PASSED [ 48%]
tests/unit/test_enhanced_reasoning.py::TestContextRetrieval::test_retrieve_context_limit PASSED [ 49%]
tests/unit/test_enhanced_reasoning.py::TestReasoning::test_analyze_query PASSED [ 49%]
tests/unit/test_enhanced_reasoning.py::TestReasoning::test_generate_insights PASSED [ 49%]
tests/unit/test_enhanced_reasoning.py::TestReasoning::test_answer_question PASSED [ 49%]
tests/unit/test_enhanced_reasoning.py::TestRAGIntegration::test_rag_enhanced_response PASSED [ 49%]
tests/unit/test_enhanced_reasoning.py::TestRAGIntegration::test_rag_with_no_context PASSED [ 49%]
tests/unit/test_enhanced_reasoning.py::TestChainOfThought::test_step_by_step_reasoning PASSED [ 49%]
tests/unit/test_enhanced_reasoning.py::TestChainOfThought::test_reasoning_trace PASSED [ 49%]
tests/unit/test_enhanced_reasoning.py::TestPromptEngineering::test_build_prompt PASSED [ 49%]
tests/unit/test_enhanced_reasoning.py::TestPromptEngineering::test_prompt_includes_context PASSED [ 49%]
tests/unit/test_enhanced_reasoning.py::TestErrorHandling::test_handles_llm_error PASSED [ 49%]
tests/unit/test_enhanced_reasoning.py::TestErrorHandling::test_handles_empty_dataframe PASSED [ 49%]
tests/unit/test_enhanced_reasoning.py::TestErrorHandling::test_handles_invalid_query PASSED [ 49%]
tests/unit/test_enhanced_reasoning.py::TestCaching::test_cache_hit PASSED [ 50%]
tests/unit/test_enhanced_reasoning.py::TestCaching::test_cache_invalidation PASSED [ 50%]
tests/unit/test_enhanced_reasoning.py::TestPerformance::test_response_time_tracking PASSED [ 50%]
tests/unit/test_feedback_system.py::TestFeedbackSystem::test_initialization PASSED [ 50%]
tests/unit/test_feedback_system.py::TestFeedbackSystem::test_record_insight_feedback PASSED [ 50%]
tests/unit/test_feedback_system.py::TestFeedbackSystem::test_record_recommendation_feedback SKIPPED [ 50%]
tests/unit/test_feedback_system.py::TestFeedbackSystem::test_get_feedback_summary PASSED [ 50%]
tests/unit/test_feedback_system.py::TestFeedbackSystem::test_get_feedback_by_category PASSED [ 50%]
tests/unit/test_feedback_system.py::TestFeedbackSystem::test_calculate_average_rating PASSED [ 50%]
tests/unit/test_feedback_system.py::TestFeedbackSystem::test_export_feedback PASSED [ 50%]
tests/unit/test_feedback_system.py::TestFeedbackAnalytics::test_trend_analysis PASSED [ 50%]
tests/unit/test_feedback_system.py::TestFeedbackAnalytics::test_category_performance PASSED [ 50%]
tests/unit/test_knowledge_benchmark.py::TestDynamicBenchmarkEngineInit::test_initialization_without_rag PASSED [ 50%]
tests/unit/test_knowledge_benchmark.py::TestDynamicBenchmarkEngineInit::test_initialization_with_rag PASSED [ 50%]
tests/unit/test_knowledge_benchmark.py::TestDynamicBenchmarkEngineInit::test_benchmark_db_loaded PASSED [ 51%]
tests/unit/test_knowledge_benchmark.py::TestContextualBenchmarks::test_get_contextual_benchmarks_basic PASSED [ 51%]
tests/unit/test_knowledge_benchmark.py::TestContextualBenchmarks::test_get_contextual_benchmarks_with_objective PASSED [ 51%]
tests/unit/test_knowledge_benchmark.py::TestContextualBenchmarks::test_get_contextual_benchmarks_with_region PASSED [ 51%]
tests/unit/test_knowledge_benchmark.py::TestContextualBenchmarks::test_get_contextual_benchmarks_full_context PASSED [ 51%]
tests/unit/test_knowledge_benchmark.py::TestBenchmarkAdjustments::test_apply_objective_adjustments SKIPPED [ 51%]
tests/unit/test_knowledge_benchmark.py::TestBenchmarkAdjustments::test_apply_regional_adjustments PASSED [ 51%]
tests/unit/test_knowledge_benchmark.py::TestBenchmarkAdjustments::test_get_base_benchmarks PASSED [ 51%]
tests/unit/test_knowledge_benchmark.py::TestBenchmarkComparison::test_compare_to_benchmark PASSED [ 51%]
tests/unit/test_knowledge_benchmark.py::TestBenchmarkComparison::test_get_performance_rating PASSED [ 51%]
tests/unit/test_knowledge_benchmark.py::TestBenchmarkDatabase::test_load_benchmarks PASSED [ 51%]
tests/unit/test_knowledge_benchmark.py::TestBenchmarkDatabase::test_load_regional_multipliers PASSED [ 51%]
tests/unit/test_knowledge_benchmark.py::TestBenchmarkDatabase::test_load_objective_adjustments PASSED [ 51%]
tests/unit/test_knowledge_benchmark.py::TestRAGIntegration::test_retrieve_industry_benchmarks PASSED [ 51%]
tests/unit/test_knowledge_comprehensive.py::TestChunkOptimizer::test_initialization PASSED [ 52%]
tests/unit/test_knowledge_comprehensive.py::TestChunkOptimizer::test_chunk_strategy_enum PASSED [ 52%]
tests/unit/test_knowledge_comprehensive.py::TestChunkOptimizer::test_chunk_config_defaults PASSED [ 52%]
tests/unit/test_knowledge_comprehensive.py::TestChunkOptimizer::test_optimize_chunks PASSED [ 52%]
tests/unit/test_knowledge_comprehensive.py::TestChunkOptimizer::test_fixed_size_chunking PASSED [ 52%]
tests/unit/test_knowledge_comprehensive.py::TestChunkOptimizer::test_sentence_boundary_chunking PASSED [ 52%]
tests/unit/test_knowledge_comprehensive.py::TestChunkOptimizer::test_semantic_chunking PASSED [ 52%]
tests/unit/test_knowledge_comprehensive.py::TestChunkOptimizer::test_get_optimal_config PASSED [ 52%]
tests/unit/test_knowledge_comprehensive.py::TestKnowledgeBaseRefresher::test_initialization PASSED [ 52%]
tests/unit/test_knowledge_comprehensive.py::TestKnowledgeBaseRefresher::test_refresh_config PASSED [ 52%]
tests/unit/test_knowledge_comprehensive.py::TestKnowledgeBaseRefresher::test_register_source PASSED [ 52%]
tests/unit/test_knowledge_comprehensive.py::TestKnowledgeBaseRefresher::test_check_for_changes SKIPPED [ 52%]
tests/unit/test_knowledge_comprehensive.py::TestKnowledgeBaseRefresher::test_refresh_source PASSED [ 52%]
tests/unit/test_knowledge_comprehensive.py::TestKnowledgeBaseRefresher::test_get_source_metadata PASSED [ 53%]
tests/unit/test_knowledge_comprehensive.py::TestKnowledgeBaseRefresher::test_content_hash PASSED [ 53%]
tests/unit/test_knowledge_comprehensive.py::TestKnowledgeBaseRefresher::test_different_content_different_hash PASSED [ 53%]
tests/unit/test_knowledge_comprehensive.py::TestVectorStoreOperations::test_embedding_dimension PASSED [ 53%]
tests/unit/test_knowledge_comprehensive.py::TestVectorStoreOperations::test_cosine_similarity PASSED [ 53%]
tests/unit/test_knowledge_comprehensive.py::TestVectorStoreOperations::test_batch_embedding_structure PASSED [ 53%]
tests/unit/test_knowledge_comprehensive.py::TestKnowledgeIngestionPatterns::test_url_pattern_detection PASSED [ 53%]
tests/unit/test_knowledge_comprehensive.py::TestKnowledgeIngestionPatterns::test_youtube_id_extraction PASSED [ 53%]
tests/unit/test_knowledge_comprehensive.py::TestKnowledgeIngestionPatterns::test_text_cleaning PASSED [ 53%]
tests/unit/test_knowledge_comprehensive.py::TestKnowledgeRetrieval::test_top_k_selection PASSED [ 53%]
tests/unit/test_knowledge_comprehensive.py::TestKnowledgeRetrieval::test_score_threshold_filtering PASSED [ 53%]
tests/unit/test_knowledge_comprehensive.py::TestKnowledgeRetrieval::test_metadata_filtering PASSED [ 53%]
tests/unit/test_knowledge_extended.py::TestChunkingStrategy::test_initialization SKIPPED [ 53%]
tests/unit/test_knowledge_extended.py::TestChunkingStrategy::test_chunk_text SKIPPED [ 53%]
tests/unit/test_knowledge_extended.py::TestChunkingStrategy::test_chunk_with_overlap SKIPPED [ 54%]
tests/unit/test_knowledge_extended.py::TestChunkingStrategy::test_semantic_chunking SKIPPED [ 54%]
tests/unit/test_knowledge_extended.py::TestFreshnessValidator::test_initialization PASSED [ 54%]
tests/unit/test_knowledge_extended.py::TestFreshnessValidator::test_check_freshness SKIPPED [ 54%]
tests/unit/test_knowledge_extended.py::TestFreshnessValidator::test_is_stale PASSED [ 54%]
tests/unit/test_knowledge_extended.py::TestFreshnessValidator::test_get_refresh_priority PASSED [ 54%]
tests/unit/test_knowledge_extended.py::TestEnhancedReasoning::test_initialization SKIPPED [ 54%]
tests/unit/test_knowledge_extended.py::TestEnhancedReasoning::test_reason_with_context SKIPPED [ 54%]
tests/unit/test_knowledge_extended.py::TestEnhancedReasoning::test_multi_step_reasoning SKIPPED [ 54%]
tests/unit/test_knowledge_extended.py::TestPersistentVectorStore::test_initialization SKIPPED [ 54%]
tests/unit/test_knowledge_extended.py::TestPersistentVectorStore::test_add_documents SKIPPED [ 54%]
tests/unit/test_knowledge_extended.py::TestPersistentVectorStore::test_search SKIPPED [ 54%]
tests/unit/test_knowledge_extended.py::TestPersistentVectorStore::test_persist SKIPPED [ 54%]
tests/unit/test_knowledge_extended.py::TestPersistentVectorStore::test_load SKIPPED [ 55%]
tests/unit/test_knowledge_extended.py::TestEnhancedAutoRefresh::test_initialization SKIPPED [ 55%]
tests/unit/test_knowledge_extended.py::TestEnhancedAutoRefresh::test_schedule_refresh SKIPPED [ 55%]
tests/unit/test_knowledge_extended.py::TestEnhancedAutoRefresh::test_check_for_updates SKIPPED [ 55%]
tests/unit/test_knowledge_extended.py::TestEnhancedAutoRefresh::test_refresh_source SKIPPED [ 55%]
tests/unit/test_knowledge_extended.py::TestKnowledgeIntegration::test_chunk_and_store_workflow PASSED [ 55%]
tests/unit/test_knowledge_extended.py::TestKnowledgeIntegration::test_freshness_and_refresh_workflow PASSED [ 55%]
tests/unit/test_knowledge_ingestion.py::TestKnowledgeIngestionInit::test_default_initialization PASSED [ 55%]
tests/unit/test_knowledge_ingestion.py::TestKnowledgeIngestionInit::test_custom_initialization PASSED [ 55%]
tests/unit/test_knowledge_ingestion.py::TestURLIngestion::test_ingest_url_success PASSED [ 55%]
tests/unit/test_knowledge_ingestion.py::TestURLIngestion::test_ingest_url_failure PASSED [ 55%]
tests/unit/test_knowledge_ingestion.py::TestURLIngestion::test_extract_text_from_html PASSED [ 55%]
tests/unit/test_knowledge_ingestion.py::TestYouTubeIngestion::test_extract_video_id PASSED [ 55%]
tests/unit/test_knowledge_ingestion.py::TestYouTubeIngestion::test_ingest_youtube PASSED [ 55%]
tests/unit/test_knowledge_ingestion.py::TestPDFIngestion::test_ingest_pdf PASSED [ 56%]
tests/unit/test_knowledge_ingestion.py::TestTextChunking::test_chunk_text PASSED [ 56%]
tests/unit/test_knowledge_ingestion.py::TestTextChunking::test_chunk_overlap PASSED [ 56%]
tests/unit/test_knowledge_ingestion.py::TestKnowledgeBaseManagement::test_add_to_knowledge_base PASSED [ 56%]
tests/unit/test_knowledge_ingestion.py::TestKnowledgeBaseManagement::test_get_knowledge_base PASSED [ 56%]
tests/unit/test_knowledge_ingestion.py::TestKnowledgeBaseManagement::test_clear_knowledge_base PASSED [ 56%]
tests/unit/test_knowledge_refresh.py::TestRefreshConfig::test_default_config PASSED [ 56%]
tests/unit/test_knowledge_refresh.py::TestRefreshConfig::test_custom_config PASSED [ 56%]
tests/unit/test_knowledge_refresh.py::TestSourceMetadata::test_create_metadata PASSED [ 56%]
tests/unit/test_knowledge_refresh.py::TestKnowledgeBaseRefresher::test_initialization PASSED [ 56%]
tests/unit/test_knowledge_refresh.py::TestKnowledgeBaseRefresher::test_add_source PASSED [ 56%]
tests/unit/test_knowledge_refresh.py::TestKnowledgeBaseRefresher::test_check_for_changes SKIPPED [ 56%]
tests/unit/test_knowledge_refresh.py::TestKnowledgeBaseRefresher::test_refresh_source PASSED [ 56%]
tests/unit/test_knowledge_refresh.py::TestKnowledgeBaseRefresher::test_get_refresh_status PASSED [ 57%]
tests/unit/test_knowledge_refresh.py::TestChunkStrategy::test_strategy_values PASSED [ 57%]
tests/unit/test_knowledge_refresh.py::TestChunkConfig::test_create_config PASSED [ 57%]
tests/unit/test_knowledge_refresh.py::TestChunkOptimizer::test_initialization PASSED [ 57%]
tests/unit/test_knowledge_refresh.py::TestChunkOptimizer::test_get_config_for_content_type PASSED [ 57%]
tests/unit/test_knowledge_refresh.py::TestChunkOptimizer::test_chunk_text_fixed_size PASSED [ 57%]
tests/unit/test_knowledge_refresh.py::TestChunkOptimizer::test_chunk_text_sentence_boundary PASSED [ 57%]
tests/unit/test_knowledge_refresh.py::TestChunkOptimizer::test_optimal_configs_exist PASSED [ 57%]
tests/unit/test_knowledge_refresh.py::TestChunkOptimizer::test_count_tokens PASSED [ 57%]
tests/unit/test_knowledge_refresh.py::TestChunkOptimizer::test_quality_score PASSED [ 57%]
tests/unit/test_knowledge_vector_retriever.py::TestVectorStoreBuilder::test_initialization PASSED [ 57%]
tests/unit/test_knowledge_vector_retriever.py::TestVectorStoreBuilder::test_build_from_documents PASSED [ 57%]
tests/unit/test_knowledge_vector_retriever.py::TestVectorStoreBuilder::test_build_from_documents_no_chunks PASSED [ 57%]
tests/unit/test_knowledge_vector_retriever.py::TestVectorStoreBuilder::test_embed_texts PASSED [ 57%]
tests/unit/test_knowledge_vector_retriever.py::TestVectorStoreBuilder::test_embed_texts_batching PASSED [ 58%]
tests/unit/test_knowledge_vector_retriever.py::TestVectorStoreBuilder::test_persist_metadata PASSED [ 58%]
tests/unit/test_knowledge_vector_retriever.py::TestVectorStoreBuilder::test_load_metadata PASSED [ 58%]
tests/unit/test_knowledge_vector_retriever.py::TestVectorStoreBuilder::test_load_metadata_not_found PASSED [ 58%]
tests/unit/test_knowledge_vector_retriever.py::TestVectorRetriever::test_initialization SKIPPED [ 58%]
tests/unit/test_knowledge_vector_retriever.py::TestVectorRetriever::test_retrieve SKIPPED [ 58%]
tests/unit/test_knowledge_vector_retriever.py::TestVectorRetriever::test_retrieve_with_filters SKIPPED [ 58%]
tests/unit/test_knowledge_vector_retriever.py::TestHybridSearch::test_bm25_scoring PASSED [ 58%]
tests/unit/test_knowledge_vector_retriever.py::TestHybridSearch::test_hybrid_score_combination PASSED [ 58%]
[...]
src/knowledge/persistent_vector_store.py                 134    111     28      0    14%   17-18, 53-83, 100-173, 186-199, 218-259, 263-269, 273-283, 287-303, 307-332, 345-350
src/knowledge/vector_store.py                            221     94     70      7    54%   19, 79, 157, 164, 167-172, 182-206, 218-229, 233, 241-263, 275, 283-284, 289-311, 340->346, 346->exit, 358-417, 428-444
src/mcp/__init__.py                                        6      0      0      0   100%
src/mcp/client.py                                         92     68     20      0    21%   26-36, 40-52, 56-73, 78-91, 101-108, 117-126, 130-131, 135-136, 140-142, 146-147, 153-155, 164-169
src/mcp/rag_integration.py                               112     54     34      1    50%   48->63, 68-69, 118-119, 141-142, 163-219, 236-271, 275-277, 283-285
src/mcp/resource_server.py                               125    102     28      0    15%   22-30, 35-104, 109-137, 142, 150, 158-171, 176-194, 199-217, 221-239, 248-268, 275-278, 282, 292-294
src/mcp/streamlit_helpers.py                             118     82     18      0    26%   22-24, 28-39, 43-46, 56-59, 70-73, 79-82, 88-92, 100-102, 106-117, 126-129, 140-143, 153-156, 162-166, 174-177, 181, 185, 191, 195, 199, 203, 207, 213-215, 220-222, 227, 237-247
src/mcp/tools.py                                          59     39     20      0    25%   20-21, 25, 274-302, 317, 332, 347, 362, 375, 389, 402, 414, 427, 440
src/models/__init__.py                                     3      0      0      0   100%
src/models/campaign.py                                   155     13      8      0    87%   59, 88, 92, 96-111
src/models/platform.py                                    99      0      0      0   100%
src/monitoring/__init__.py                                 2      0      0      0   100%
src/monitoring/query_monitor.py                          113     52     20      0    49%   131-134, 149-178, 219-237, 241-247, 252-261, 271-273, 286-295
src/orchestration/__init__.py                              2      0      0      0   100%
src/orchestration/query_orchestrator.py                   47      0      8      0   100%
src/orchestration/workflow.py                            123     57     12      1    50%   111-117, 127-152, 161-173, 181-200, 209-220, 228-251, 283-284
src/predictive/__init__.py                                 5      0      0      0   100%
src/predictive/budget_optimizer.py                       160    102     56      5    33%   120->129, 130, 132, 134, 138-158, 191-221, 240-253, 263-269, 275-282, 291-329, 346-381, 393-407, 413-421, 428-455
src/predictive/campaign_success_predictor.py             199    170     72      1    11%   49-110, 120-129, 135-190, 196-217, 232-266, 282-289, 295-300, 306-326, 332-341, 352-390, 401-451, 455-461, 465-470, 477-530
src/predictive/early_performance_indicators.py           161    142     76      1     8%   60-78, 96-124, 143-160, 167-180, 186-207, 213-271, 286-345, 356-428, 443-476, 481-504
src/predictive/predictive_qa_integration.py              105     67     22      1    31%   35->39, 120-181, 193-240, 252-279
src/query_engine/__init__.py                               2      0      0      0   100%
src/query_engine/nl_to_sql.py                            300    237     98      5    18%   23-25, 31-33, 65-70, 73->78, 80-85, 90-92, 109-134, 143-180, 193-532, 544-590, 602-608, 631-665, 700-888, 892, 927-929, 938
src/query_engine/query_clarification.py                   50     28     12      0    35%   98-114, 145-172, 185-198
src/query_engine/smart_interpretation.py                  86     20     26     12    71%   73-74, 130, 139, 156-157, 253, 255, 257, 263-265, 268, 276-277, 284-285, 295-296, 307
src/query_engine/sql_knowledge.py                         69     22     20      6    62%   66-67, 95-113, 119, 125->127, 133-138, 152-153, 156-158
src/reporting/__init__.py                                  2      0      0      0   100%
src/reporting/automated_reporter.py                      306    306     92      0     0%   14-716
src/reporting/intelligent_reporter.py                    550    150    196     22    69%   118, 123, 133, 146, 152-159, 170-180, 183, 190-206, 209, 258, 263, 289, 294, 368->367, 399-409, 413-424, 442-463, 467-504, 508-510, 593->592, 768-771, 801-805, 817-820, 833, 838-846, 899->902, 904-906, 931-932, 947, 954-955, 969-983, 1075-1077, 1119-1148, 1152
src/reporting/smart_template_engine.py                   244    244    120      0     0%   15-557
src/services/__init__.py                                   2      0      0      0   100%
src/services/campaign_ingestion.py                        47      0     16      0   100%
src/services/campaign_service.py                         252    161     72      7    36%   46-47, 73, 80-103, 120, 128-135, 147, 160, 184-186, 189, 200-204, 210-238, 274-284, 288-293, 297-301, 322-352, 356-366, 373-447, 455-470, 474-477, 502-505, 520-557, 569, 573-574, 585-595, 608-609, 613, 616-625
src/services/user_service.py                             152     84     52      4    41%   101-128, 147-187, 209-236, 240-250, 259-280, 297-327, 331, 342, 347->346, 363
src/streamlit_integration/__init__.py                      2      0      0      0   100%
src/streamlit_integration/database_manager.py            148     61     20      2    57%   76-89, 136-155, 196-205, 301-303, 315-344, 348-353, 357-362, 372-374
src/utils/__init__.py                                      3      0      0      0   100%
src/utils/agent_monitor.py                               129      2     34      5    96%   45, 52, 119->126, 213->exit, 286->exit
src/utils/anonymization.py                               159    159     68      0     0%   14-364
src/utils/anthropic_helpers.py                            35     27     12      0    17%   31-35, 40-59, 67-75
src/utils/campaign_context.py                            117    117     62      0     0%   5-323
src/utils/comparison_logger.py                            91     16     24      6    74%   42->55, 55->exit, 223->238, 226-236, 240-241, 252->255, 293-301
src/utils/confidence_scorer.py                           143    143     88      0     0%   5-303
src/utils/data_loader.py                                 230     49     92     22    76%   69-71, 74-76, 89->101, 95-96, 114->118, 122-140, 159, 164, 169, 242, 244, 246, 252-255, 271, 273->276, 294->299, 297, 299->302, 320->325, 323, 325->328, 355-362, 472-473, 479-480, 484
src/utils/data_normalizer.py                             178     18     94      7    90%   60, 123, 149, 217, 239, 314-324, 380-381, 388-389, 429
src/utils/data_validator.py                              290    112    102     24    58%   62->68, 64->68, 71-73, 96, 111, 113, 115, 134, 146, 153, 157, 161, 165, 169, 177, 188-189, 214-215, 238-284, 301, 305, 322-323, 347, 351, 392-428, 441-464, 477-488, 547-549, 701->706, 706->710, 724, 784, 796, 813-820
src/utils/frontend_logger.py                              25      3      2      1    85%   15, 35-36
src/utils/llm_with_rate_limit.py                          92      2     20      3    96%   86->94, 87->90, 90->94, 107-108
src/utils/logger.py                                       13      0      0      0   100%
src/utils/observability.py                               585    142     96     24    72%   85->87, 94-97, 127, 136-137, 146-147, 159, 164-173, 181, 187, 193, 202-235, 290->292, 322, 337, 347, 364-369, 373, 400-401, 405-409, 429-447, 470-472, 475, 517->519, 531-532, 575->577, 581, 590, 594-596, 604-607, 615, 620-621, 674, 704-712, 743->745, 801-802, 846-847, 851-856, 860-862, 866-867, 871-872, 954->956, 962->exit, 968-969, 984-985, 992, 1036, 1043, 1046, 1052->1054, 1055, 1119-1156, 1165
src/utils/opentelemetry_config.py                        123     80     30      2    29%   20-37, 69-90, 94-124, 132-162, 166-169, 173-178, 188->190, 238-239, 244-245
src/utils/performance.py                                 505    360    126      1    23%   51-53, 61-64, 78-108, 120-129, 132, 177-201, 205-208, 217-236, 240-250, 254-255, 268-309, 324-342, 346-361, 365-374, 378-387, 391-394, 403-404, 454-455, 475-528, 532-541, 545-556, 559, 611, 629-669, 673-680, 686-718, 724-748, 754-771, 774, 863-866, 874-875, 879-881, 904-908, 916-919, 931-950, 955-974, 978-985, 989-1010, 1014, 1021-1024, 1027, 1127-1130, 1151-1201, 1205, 1208, 1233-1240, 1244-1247, 1251-1260, 1264, 1280-1296, 1329-1332, 1337, 1342, 1347, 1352, 1357, 1362, 1367, 1372
src/utils/recommendation_validator.py                    140    140     90      0     0%   5-367
src/utils/redis_rate_limiter.py                          137     81     26      0    38%   67-69, 153-156, 176-199, 212-223, 235-254, 290, 310-315, 340-372, 385-414, 425-427, 433-435
src/utils/resilience.py                                  422    173     68     12    57%   42, 74, 80-81, 87-88, 94, 100, 153-156, 161, 179->186, 189, 196->exit, 201->exit, 209, 219->exit, 226-236, 240-245, 250-261, 321->350, 326, 346, 364-383, 393, 408-433, 469-470, 498-501, 510-512, 523-524, 561-562, 568->567, 570, 576->575, 580, 593-613, 624-634, 657, 676, 680-689, 698, 702, 711-722, 737-738, 742-743, 752-766, 782-790, 812-817, 822
src/utils/structure_enforcer.py                           47     41     22      0     9%   36-52, 61-90, 98-126
src/utils/summary_formatter.py                            56     44     10      1    20%   38-49, 56-99, 106-131, 138-162
src/visualization/__init__.py                              2      0      0      0   100%
src/visualization/chart_generator.py                     230     49     76     17    76%   54->58, 60->64, 66->70, 72->76, 78->84, 81-82, 120->123, 125->128, 130->133, 135->138, 139-141, 145-150, 235, 268-270, 284, 314-316, 344-346, 374-376, 420-422, 455-457, 469->472, 472->475, 475->479, 480, 500-502, 528-530, 534-570
--------------------------------------------------------------------------------------------------
TOTAL                                                  19097  11273   6042    544    37%
Coverage HTML written to dir htmlcov
Coverage XML written to file coverage.xml
=========================== short test summary info ============================
SKIPPED [1] tests/test_excel_upload.py:27: Test requires full reflex runtime - skipping in unit test context
SKIPPED [1] tests/unit/test_agents_channel_specialists.py:181: Programmatic agent not available
SKIPPED [1] tests/unit/test_agents_channel_specialists.py:185: Programmatic agent not available
SKIPPED [1] tests/unit/test_agents_reasoning.py:102: Campaign analysis requires full setup
SKIPPED [1] tests/unit/test_agents_reasoning.py:116: Insight generation requires LLM
SKIPPED [1] tests/unit/test_agents_reasoning.py:144: Achievement detection requires setup
SKIPPED [1] tests/unit/test_agents_reasoning.py:157: Recommendation generation requires LLM
SKIPPED [1] tests/unit/test_agents_visualization.py:166: Chart generator not available
SKIPPED [1] tests/unit/test_agents_visualization.py:170: Chart generator not available
SKIPPED [1] tests/unit/test_agents_visualization.py:183: Chart generator not available
SKIPPED [1] tests/unit/test_agents_visualization.py:196: Chart generator not available
SKIPPED [1] tests/unit/test_api_extended.py:38: Exceptions not available
SKIPPED [1] tests/unit/test_api_extended.py:46: Exceptions not available
SKIPPED [1] tests/unit/test_api_extended.py:54: Exceptions not available
SKIPPED [1] tests/unit/test_api_extended.py:62: Exceptions not available
SKIPPED [1] tests/unit/test_budget_optimizer.py:169: optimize_allocation not available or requires different params
SKIPPED [1] tests/unit/test_budget_optimizer.py:181: optimize_allocation not available
SKIPPED [1] tests/unit/test_budget_optimizer.py:192: optimize_allocation not available
SKIPPED [1] tests/unit/test_budget_optimizer.py:203: optimize_allocation not available
SKIPPED [1] tests/unit/test_budget_optimizer.py:220: optimize_allocation not available
SKIPPED [1] tests/unit/test_budget_optimizer.py:257: optimize_allocation not available
SKIPPED [1] tests/unit/test_budget_optimizer.py:265: optimize_allocation not available
SKIPPED [1] tests/unit/test_budget_optimizer.py:283: optimize_allocation not available
SKIPPED [1] tests/unit/test_campaign_service.py:66: CampaignService requires different initialization
SKIPPED [1] tests/unit/test_campaign_service.py:76: CampaignService initialization failed
SKIPPED [1] tests/unit/test_campaign_service.py:92: CampaignService initialization failed
SKIPPED [1] tests/unit/test_campaign_service.py:116: CampaignService initialization failed
SKIPPED [1] tests/unit/test_campaign_service.py:124: CampaignService initialization failed
SKIPPED [1] tests/unit/test_campaign_service.py:132: CampaignService initialization failed
SKIPPED [1] tests/unit/test_campaign_service.py:140: CampaignService initialization failed
SKIPPED [1] tests/unit/test_campaign_service.py:148: CampaignService initialization failed
SKIPPED [1] tests/unit/test_campaign_service.py:165: CampaignService initialization failed
SKIPPED [1] tests/unit/test_campaign_service.py:174: CampaignService initialization failed
SKIPPED [1] tests/unit/test_campaign_service.py:183: CampaignService initialization failed
SKIPPED [1] tests/unit/test_campaign_service.py:205: CampaignService initialization failed
SKIPPED [1] tests/unit/test_campaign_service.py:216: CampaignService initialization failed
SKIPPED [1] tests/unit/test_campaign_service.py:248: CampaignService initialization failed
SKIPPED [1] tests/unit/test_campaign_service.py:256: CampaignService initialization failed
SKIPPED [1] tests/unit/test_campaign_service.py:270: CampaignService initialization failed
SKIPPED [1] tests/unit/test_campaign_service.py:278: CampaignService initialization failed
SKIPPED [1] tests/unit/test_campaign_service.py:297: CampaignService initialization failed
SKIPPED [1] tests/unit/test_campaign_service.py:311: CampaignService initialization failed
SKIPPED [1] tests/unit/test_campaign_service.py:328: CampaignService initialization failed
SKIPPED [1] tests/unit/test_campaign_service.py:342: CampaignService initialization failed
SKIPPED [1] tests/unit/test_data_connector_extended.py:304: Execute query requires full setup
SKIPPED [1] tests/unit/test_data_connector_extended.py:327: Load table requires full setup
SKIPPED [1] tests/unit/test_data_loader_extended.py:325: normalize_campaign_dataframe not available
SKIPPED [1] tests/unit/test_data_loader_extended.py:340: normalize_campaign_dataframe not available
SKIPPED [1] tests/unit/test_database_connector.py:104: Query execution requires connection
SKIPPED [1] tests/unit/test_feedback_system.py:66: Method signature differs
SKIPPED [1] tests/unit/test_knowledge_benchmark.py:124: Objective adjustments requires specific setup
SKIPPED [1] tests/unit/test_knowledge_comprehensive.py:160: Change detection requires source setup
SKIPPED [1] tests/unit/test_knowledge_extended.py:62: Chunking not available
SKIPPED [1] tests/unit/test_knowledge_extended.py:66: Chunking not available
SKIPPED [1] tests/unit/test_knowledge_extended.py:74: Chunking not available
SKIPPED [1] tests/unit/test_knowledge_extended.py:82: Chunking not available
SKIPPED [1] tests/unit/test_knowledge_extended.py:126: Freshness check requires specific setup
SKIPPED [1] tests/unit/test_knowledge_extended.py:161: Enhanced reasoning not available
SKIPPED [1] tests/unit/test_knowledge_extended.py:165: Enhanced reasoning not available
SKIPPED [1] tests/unit/test_knowledge_extended.py:177: Enhanced reasoning not available
SKIPPED [1] tests/unit/test_knowledge_extended.py:206: PersistentVectorStore initialization failed
SKIPPED [1] tests/unit/test_knowledge_extended.py:210: PersistentVectorStore initialization failed
SKIPPED [1] tests/unit/test_knowledge_extended.py:223: PersistentVectorStore initialization failed
SKIPPED [1] tests/unit/test_knowledge_extended.py:232: PersistentVectorStore initialization failed
SKIPPED [1] tests/unit/test_knowledge_extended.py:240: PersistentVectorStore initialization failed
SKIPPED [1] tests/unit/test_knowledge_extended.py:259: Enhanced refresh not available
SKIPPED [1] tests/unit/test_knowledge_extended.py:263: Enhanced refresh not available
SKIPPED [1] tests/unit/test_knowledge_extended.py:271: Enhanced refresh not available
SKIPPED [1] tests/unit/test_knowledge_extended.py:280: Enhanced refresh not available
SKIPPED [1] tests/unit/test_knowledge_refresh.py:136: check_for_changes requires source setup
SKIPPED [1] tests/unit/test_knowledge_vector_retriever.py:194: Retriever initialization failed
SKIPPED [1] tests/unit/test_knowledge_vector_retriever.py:198: Retriever initialization failed
SKIPPED [1] tests/unit/test_knowledge_vector_retriever.py:212: Retriever initialization failed
SKIPPED [1] tests/unit/test_nl_to_sql.py:281: Engine initialization failed
SKIPPED [1] tests/unit/test_nl_to_sql.py:292: Engine initialization failed
SKIPPED [1] tests/unit/test_nl_to_sql_edge_cases.py:385: Engine initialization failed
SKIPPED [1] tests/unit/test_nl_to_sql_engine.py:101: SQL generation requires LLM
SKIPPED [1] tests/unit/test_orchestration.py:42: Workflow not available
SKIPPED [1] tests/unit/test_orchestration.py:83: Workflow not available
SKIPPED [1] tests/unit/test_orchestration.py:94: Workflow not available
SKIPPED [1] tests/unit/test_orchestration.py:140: Query processing requires dependencies
SKIPPED [1] tests/unit/test_predictive.py:60: Budget optimizer not available
SKIPPED [1] tests/unit/test_predictive.py:64: Budget optimizer not available
SKIPPED [1] tests/unit/test_predictive.py:77: Budget optimizer not available
SKIPPED [1] tests/unit/test_predictive.py:83: Budget optimizer not available
SKIPPED [1] tests/unit/test_predictive.py:142: Training requires more data
SKIPPED [1] tests/unit/test_predictive_qa.py:102: Forecast requires Revenue column
SKIPPED [1] tests/unit/test_query_engine_extended.py:80: Interpretation requires LLM setup
SKIPPED [1] tests/unit/test_query_engine_extended.py:179: Engine initialization failed
SKIPPED [1] tests/unit/test_query_engine_extended.py:183: Engine initialization failed
SKIPPED [1] tests/unit/test_query_engine_extended.py:203: Engine initialization failed
SKIPPED [1] tests/unit/test_query_engine_extended.py:212: Engine initialization failed
SKIPPED [1] tests/unit/test_services_campaign.py:32: Service initialization requires full setup
SKIPPED [1] tests/unit/test_services_campaign.py:42: Service initialization requires full setup
SKIPPED [1] tests/unit/test_services_extended.py:159: UserService initialization failed
SKIPPED [1] tests/unit/test_services_extended.py:165: UserService initialization failed
SKIPPED [1] tests/unit/test_services_extended.py:180: UserService initialization failed
SKIPPED [1] tests/unit/test_utils_data_loader.py:58: CSV loading requires specific setup
SKIPPED [1] tests/unit/test_utils_extended.py:145: record_failure not supported
SKIPPED [1] tests/unit/test_utils_extended.py:158: Circuit breaker state management differs
SKIPPED [1] tests/unit/test_utils_extended.py:184: Retry decorator signature differs
SKIPPED [1] tests/unit/test_utils_extended.py:205: Retry decorator signature differs
SKIPPED [1] tests/unit/test_utils_extended.py:238: DLQ add signature differs
SKIPPED [1] tests/unit/test_utils_extended.py:259: Performance not available
SKIPPED [1] tests/unit/test_utils_extended.py:263: Performance not available
SKIPPED [1] tests/unit/test_utils_extended.py:269: Performance not available
SKIPPED [1] tests/unit/test_utils_extended.py:277: Performance not available
SKIPPED [1] tests/unit/test_workflow_orchestration.py:236: Workflow run requires full setup
SKIPPED [1] tests/unit/test_workflow_orchestration.py:258: Workflow run requires full setup
=============== 1245 passed, 109 skipped, 316 warnings in 30.86s ===============
